Objective Function (MPCA): 
  2.977145E-01
Activation Function: 
  2
Hidden Layers: 
  2
Neurons First Layer: 
 28
Neurons Second Layer: 
 32
wh1
    0.48518    0.60424    0.61366    0.41502    0.38193    0.48122    0.42899    0.61226    0.00525    0.20834    0.63325    0.09179    0.47877    0.01051    0.18183    0.67843    0.14608    0.94534    0.94024    0.75597    0.59116    0.13503    0.93206    0.70184    0.18615    0.69402    0.55049    0.12038
    0.95570    0.78950    0.60080    0.34531    0.01828    0.63405    0.01722    0.65921    0.69599    0.63461    0.65583    0.21462    0.89166    0.37977    0.33851    0.53854    0.70407    0.25431    0.79487    0.00648    0.98069    0.43028    0.31369    0.69774    0.94768    0.48599    0.54712    0.17620
    0.47488    0.78274    0.08866    0.62101    0.93718    0.14753    0.54387    0.14864    0.13303    0.25143    0.47188    0.60878    0.34639    0.91261    0.06049    0.64909    0.61303    0.55277    0.42970    0.39237    0.78055    0.62325    0.54093    0.92921    0.21299    0.37536    0.56443    0.34094
    0.05617    0.19962    0.94923    0.87302    0.87141    0.04291    0.59346    0.34939    0.56690    0.74032    0.29889    0.88206    0.06766    0.30128    0.37986    0.61903    0.20114    0.13040    0.69995    0.15129    0.66177    0.36678    0.24003    0.29125    0.61420    0.72386    0.06945    0.52010
    0.33243    0.76716    0.34825    0.92867    0.95064    0.93665    0.54959    0.18095    0.20414    0.17262    0.68411    0.49469    0.59729    0.94642    0.11636    0.48524    0.52582    0.88960    0.90787    0.60054    0.52217    0.20988    0.68135    0.01401    0.96234    0.50395    0.73751    0.14845
    0.79439    0.31869    0.26081    0.10790    0.09455    0.17237    0.30407    0.50900    0.76403    0.60504    0.97808    0.43139    0.35341    0.19484    0.18319    0.45528    0.26430    0.18357    0.29256    0.75814    0.66746    0.48371    0.30377    0.21961    0.22746    0.23805    0.82562    0.25044
    0.75995    0.26131    0.16821    0.59641    0.46530    0.85250    0.33333    0.57774    0.10871    0.28585    0.66372    0.74801    0.23588    0.61920    0.58816    0.35939    0.29830    0.13994    0.78331    0.07408    0.20151    0.91774    0.03808    0.71953    0.94645    0.50205    0.26830    0.77512
bh1
    0.56917    0.88024    0.06148    0.42811    0.63923    0.58490    0.54603    0.56881    0.67698    0.22735    0.11528    0.09238    0.94621    0.87424    0.91568    0.81999    0.24099    0.81437    0.24467    0.78023    0.53525    0.09123    0.66270    0.32664    0.95698    0.09096    0.25683    0.34738
wh2
    0.06228    0.62780    0.98745    0.31277    0.81790    0.41709    0.23080    0.39245    0.84494    0.93616    0.58065    0.71324    0.82622    0.72477    0.58725    0.14450    0.09560    0.05728    0.08098    0.04377    0.59728    0.90120    0.90932    0.32819    0.51663    0.77791    0.23824    0.03271    0.31904    0.33319    0.87353    0.44872
    0.06688    0.62297    0.13747    0.88588    0.02377    0.55829    0.57615    0.16340    0.26866    0.17153    0.36963    0.75122    0.64869    0.56755    0.57539    0.61082    0.20750    0.53479    0.57447    0.18837    0.96279    0.67067    0.25953    0.67811    0.02543    0.83853    0.49074    0.64658    0.52818    0.72132    0.98424    0.92676
    0.27924    0.18723    0.32988    0.21115    0.34590    0.20465    0.83256    0.30440    0.60496    0.54786    0.50215    0.12058    0.14471    0.96752    0.64580    0.74519    0.38446    0.28191    0.12479    0.24589    0.79830    0.00205    0.53637    0.97528    0.33755    0.30620    0.53230    0.17245    0.40463    0.77811    0.02664    0.21173
    0.25678    0.42372    0.69229    0.48700    0.61862    0.88490    0.60756    0.32908    0.43677    0.78414    0.06019    0.09870    0.39816    0.33040    0.12650    0.34134    0.36842    0.78604    0.04227    0.56509    0.06747    0.96429    0.26308    0.58411    0.67936    0.22869    0.73898    0.15257    0.89575    0.47213    0.44599    0.41376
    0.29854    0.99696    0.33682    0.67201    0.34436    0.27814    0.80092    0.28492    0.30513    0.70915    0.90213    0.75727    0.11541    0.53192    0.05749    0.86192    0.22074    0.27461    0.52171    0.76973    0.60537    0.51908    0.83931    0.01412    0.82874    0.04171    0.35235    0.84520    0.23260    0.34857    0.07391    0.91805
    0.78410    0.86870    0.20649    0.52270    0.13687    0.41672    0.52408    0.62359    0.04654    0.32138    0.52412    0.54220    0.50100    0.36210    0.25062    0.82614    0.65210    0.96553    0.84365    0.05353    0.30012    0.95446    0.26531    0.89729    0.31021    0.12771    0.17209    0.45296    0.97135    0.35516    0.83248    0.81152
    0.98676    0.83226    0.01625    0.87837    0.01190    0.33647    0.38643    0.21287    0.34465    0.30372    0.26828    0.74076    0.33196    0.15981    0.54322    0.90933    0.10046    0.01796    0.67034    0.72814    0.11508    0.99727    0.13699    0.41764    0.43112    0.12966    0.71472    0.45865    0.73409    0.02336    0.01926    0.99559
    0.76972    0.62935    0.52842    0.21544    0.10792    0.93437    0.66271    0.37800    0.37792    0.83765    0.73657    0.50578    0.09535    0.98148    0.34673    0.70511    0.16847    0.46152    0.97635    0.38348    0.42547    0.56424    0.10937    0.79948    0.34512    0.20163    0.77711    0.52684    0.47563    0.61182    0.97714    0.56919
    0.77043    0.45964    0.80365    0.26491    0.27082    0.90796    0.75453    0.30114    0.41753    0.12202    0.95249    0.98962    0.05603    0.39583    0.77021    0.04372    0.57289    0.58311    0.79873    0.04868    0.42756    0.67850    0.38259    0.84090    0.20501    0.00376    0.53641    0.55354    0.02566    0.71653    0.74924    0.94512
    0.28229    0.23132    0.87758    0.74293    0.53374    0.61576    0.38909    0.11819    0.88996    0.14610    0.71337    0.55667    0.34681    0.69224    0.04238    0.02151    0.29028    0.47359    0.14043    0.63617    0.11622    0.85225    0.61532    0.17039    0.95987    0.24370    0.08377    0.90607    0.72609    0.60242    0.45350    0.81198
    0.21750    0.72644    0.43020    0.99056    0.46838    0.39945    0.43142    0.09014    0.84151    0.44548    0.89913    0.43299    0.49552    0.25340    0.40618    0.32125    0.29360    0.08022    0.84917    0.70600    0.90797    0.36176    0.10860    0.63804    0.70468    0.95300    0.52630    0.50617    0.45881    0.29103    0.12614    0.61413
    0.12915    0.55534    0.53799    0.64104    0.64029    0.74440    0.33469    0.94320    0.59854    0.08509    0.86231    0.52635    0.40378    0.04021    0.99880    0.95035    0.32515    0.25371    0.04584    0.47870    0.27541    0.03309    0.21689    0.20447    0.80205    0.26922    0.45057    0.80354    0.05571    0.83092    0.10332    0.86015
    0.51795    0.94299    0.24242    0.30249    0.45404    0.91538    0.73033    0.86670    0.32259    0.24897    0.70488    0.05456    0.08740    0.02503    0.07964    0.27617    0.75228    0.95668    0.21868    0.27909    0.19576    0.45165    0.23975    0.19070    0.49119    0.82920    0.24623    0.05703    0.90154    0.08177    0.54105    0.30787
    0.21811    0.76290    0.57925    0.37646    0.82762    0.75378    0.81974    0.69393    0.09730    0.19698    0.25228    0.79747    0.77428    0.21824    0.26707    0.88609    0.92674    0.06265    0.13966    0.73442    0.39430    0.22443    0.00788    0.67355    0.62884    0.87731    0.75837    0.69694    0.63051    0.93797    0.00114    0.11461
    0.03394    0.36477    0.21818    0.03842    0.59663    0.91760    0.41851    0.13531    0.21570    0.85215    0.31557    0.99403    0.55414    0.96801    0.46442    0.30833    0.08592    0.50419    0.80694    0.05018    0.46706    0.62911    0.62694    0.17522    0.08711    0.31504    0.43494    0.68430    0.33051    0.52962    0.15211    0.00266
    0.33816    0.41904    0.13046    0.86719    0.65918    0.18498    0.04997    0.78698    0.10656    0.59818    0.75179    0.38741    0.63917    0.48163    0.92401    0.74786    0.82818    0.34328    0.74736    0.03029    0.47361    0.22678    0.26770    0.05809    0.45907    0.18391    0.07736    0.02277    0.67843    0.78627    0.75309    0.44116
    0.20743    0.60140    0.31993    0.36127    0.93638    0.91687    0.56035    0.46010    0.48284    0.12384    0.97977    0.19951    0.22840    0.18843    0.88189    0.36998    0.75280    0.89545    0.64265    0.62381    0.04692    0.64191    0.27031    0.82898    0.68488    0.42477    0.16317    0.16451    0.99603    0.65870    0.35862    0.80465
    0.20327    0.09869    0.57927    0.31493    0.23000    0.57283    0.32873    0.38690    0.26159    0.92148    0.04527    0.18378    0.51926    0.07269    0.22239    0.86246    0.39693    0.40209    0.97146    0.23138    0.44532    0.61242    0.89947    0.45135    0.10897    0.88630    0.44377    0.67719    0.18359    0.98206    0.64329    0.70730
    0.83945    0.85455    0.07537    0.29100    0.12726    0.93935    0.17277    0.08462    0.92721    0.91981    0.90443    0.86196    0.83108    0.37717    0.99963    0.02600    0.82643    0.85981    0.73788    0.90614    0.99775    0.61377    0.81744    0.01147    0.08974    0.65651    0.48460    0.14097    0.39696    0.20710    0.21731    0.10301
    0.73817    0.35251    0.33888    0.99095    0.92019    0.17642    0.99358    0.45884    0.46193    0.31094    0.96956    0.14645    0.63405    0.70593    0.32052    0.93348    0.38779    0.34959    0.27234    0.75480    0.51075    0.75226    0.15124    0.50877    0.75355    0.99720    0.99033    0.82136    0.75398    0.77664    0.78255    0.43119
    0.67717    0.67932    0.55544    0.11961    0.02696    0.89565    0.45109    0.15653    0.19402    0.46415    0.85016    0.16148    0.92295    0.96927    0.25834    0.53705    0.15583    0.51269    0.49676    0.21997    0.32250    0.85314    0.29352    0.65629    0.75727    0.01726    0.62124    0.93628    0.95610    0.62378    0.06347    0.31187
    0.04724    0.36678    0.98750    0.70576    0.96381    0.99154    0.16117    0.27038    0.99358    0.92017    0.37322    0.97072    0.63389    0.97010    0.80912    0.40752    0.35341    0.95078    0.00469    0.07133    0.35300    0.10682    0.44848    0.49718    0.88869    0.52632    0.38659    0.11095    0.93271    0.67151    0.31906    0.04981
    0.99316    0.53009    0.63403    0.81999    0.45032    0.44071    0.64455    0.42247    0.08521    0.62569    0.12731    0.79005    0.96907    0.34465    0.77333    0.30966    0.58051    0.17003    0.37233    0.89467    0.11127    0.56734    0.13075    0.26421    0.43392    0.49584    0.97125    0.11565    0.57290    0.29119    0.11901    0.08763
    0.70589    0.00264    0.76377    0.21429    0.96564    0.93503    0.59150    0.44673    0.07748    0.90841    0.47121    0.92374    0.88174    0.71041    0.34810    0.00695    0.73678    0.39273    0.78581    0.52716    0.68386    0.54193    0.72009    0.68369    0.30857    0.94197    0.53535    0.18924    0.37563    0.76829    0.68354    0.18012
    0.10312    0.24943    0.11852    0.50273    0.50057    0.16410    0.99514    0.70844    0.56418    0.18290    0.81523    0.66460    0.49391    0.86546    0.05535    0.76809    0.70396    0.93617    0.12084    0.80208    0.63004    0.77136    0.55915    0.88981    0.87209    0.12044    0.40897    0.74637    0.94190    0.66934    0.25113    0.95705
    0.21180    0.10411    0.94891    0.50727    0.93627    0.35151    0.36458    0.21789    0.70881    0.70423    0.25394    0.83346    0.84351    0.81359    0.16037    0.25634    0.76517    0.91227    0.57296    0.11780    0.36314    0.57777    0.59771    0.14297    0.69195    0.72580    0.34844    0.03173    0.73221    0.76420    0.46983    0.95326
    0.56355    0.46903    0.20133    0.14418    0.85054    0.50809    0.82298    0.61970    0.49054    0.13942    0.23199    0.59459    0.93732    0.20711    0.52121    0.92108    0.44856    0.76646    0.06816    0.16957    0.26499    0.96917    0.35990    0.63176    0.06145    0.17364    0.28440    0.18371    0.83261    0.49352    0.33541    0.93828
    0.14359    0.13792    0.83145    0.27157    0.42853    0.49319    0.90925    0.45175    0.20645    0.26247    0.27933    0.70545    0.85751    0.74474    0.94226    0.64087    0.80628    0.38528    0.44034    0.07485    0.53599    0.21370    0.20720    0.23786    0.03934    0.28951    0.47960    0.72651    0.63777    0.32929    0.49518    0.55953
bh2
    0.94606    0.09888    0.07192    0.85828    0.68327    0.08629    0.47014    0.51978    0.20514    0.50202    0.46729    0.45914    0.48943    0.36550    0.40356    0.58829    0.95610    0.91444    0.45419    0.52005    0.41036    0.38123    0.35325    0.83690    0.95383    0.30231    0.20983    0.91430    0.93284    0.03865    0.51410    0.84267
ws
   -0.06290    0.09785    0.38704   -0.13290   -0.18461   -0.38639    0.00329   -0.17584    0.29707   -0.16564   -0.21535   -0.01029    0.24747    0.30846    0.08974    0.38776   -0.20836    0.56414   -0.29134    0.47118   -0.26474    0.23025    0.31424    0.17058    0.12738   -0.55488   -0.27086   -0.51733   -0.22452    0.17421    0.25929   -0.03079    0.34779    0.26089   -0.08914   -0.30716    0.21386    0.23750   -0.22024   -0.30571
   -0.00053    0.01182   -0.18478    0.29245   -0.00336    0.17526   -0.35488   -0.27156   -0.28503    0.15431    0.12685   -0.30788   -0.19106   -0.01915   -0.10552    0.04032    0.55084   -0.32139    0.24963   -0.32040   -0.29685   -0.19935    0.20061    0.45912    0.24103    0.27432   -0.04518   -0.42924   -0.09723    0.02216    0.44069    0.33079    0.08313    0.08294   -0.50447    0.19849   -0.17755   -0.27154   -0.25236   -0.26919
   -0.11993    0.20448   -0.20296    0.37681    0.51189   -0.06621    0.17106    0.19402   -0.13332   -0.48723    0.21897    0.20913   -0.00448    0.03179    0.05286    0.24106    0.08019    0.09629   -0.18519   -0.36200    0.41072   -0.21824    0.00006    0.01287    0.42038   -0.14961    0.59738    0.17099    0.34475    0.04714    0.19731    0.43718   -0.25363    0.23390    0.50851    0.26147    0.12182    0.25914    0.15777    0.61318
    0.18213    0.16988   -0.21274   -0.03268    0.26794   -0.01342    0.11244   -0.20611   -0.12415    0.06528    0.11069   -0.26606   -0.18951   -0.32565   -0.03646    0.26100    0.29337    0.15385   -0.02837   -0.50812    0.02004   -0.17545   -0.24994    0.27171    0.33774    0.17978   -0.18677    0.46261    0.17473    0.34561   -0.25306    0.01092   -0.54596   -0.39327    0.16591   -0.45562    0.37609    0.01523   -0.14595   -0.35760
    0.39377   -0.49711   -0.16178    0.13970   -0.53583    0.05400   -0.44876    0.09405   -0.05021   -0.57857    0.36328   -0.14589   -0.13800    0.26305   -0.28543    0.09296   -0.10655    0.11741    0.14886   -0.08461   -0.29305   -0.30495    0.09753    0.19847   -0.17382   -0.32007    0.26203   -0.28876   -0.35217   -0.14705    0.09888    0.39088    0.43903    0.36908    0.45346    0.23476   -0.11202   -0.17429   -0.05174   -0.09246
    0.16087    0.03368    0.02105   -0.13034    0.36108   -0.17675    0.17924   -0.37079    0.00804    0.16555   -0.09400   -0.38012    0.30222    0.58602    0.21507   -0.12778   -0.07333    0.39721    0.27232    0.24383   -0.36955   -0.22043   -0.33438    0.20794    0.23993   -0.19628   -0.35506   -0.01646   -0.38384   -0.05491   -0.08610   -0.13576    0.35317   -0.06719    0.32681   -0.28390    0.51177    0.39855    0.52514   -0.18278
    0.24688    0.32108   -0.29578    0.18107   -0.22585   -0.22660   -0.41846   -0.42800   -0.03915   -0.25738   -0.48175   -0.01976   -0.12887    0.36223   -0.26240   -0.38758   -0.31353    0.38504    0.39305    0.38639    0.32597   -0.19230    0.05058   -0.21117   -0.30280    0.44979   -0.31019    0.40860   -0.29305    0.20362    0.43677    0.12399   -0.41355   -0.31350    0.20095    0.04540    0.04881    0.20749    0.32528   -0.06291
   -0.39941   -0.19529    0.03321   -0.50300    0.31621    0.20572    0.00487   -0.17961   -0.26665    0.21902    0.27986   -0.15613    0.09326   -0.24429   -0.07040   -0.39496    0.13838    0.13568   -0.40136   -0.45147    0.22065    0.18051    0.11333    0.32986    0.11789   -0.45090    0.23269   -0.25860    0.06920    0.26108    0.45875    0.17601   -0.07089   -0.44613   -0.12009   -0.04320    0.27318   -0.09855    0.19258    0.02570
   -0.00053    0.30538    0.40277    0.04261   -0.15468    0.61027    0.04342    0.08635    0.51713    0.47136    0.36115    0.43331    0.14915    0.58052   -0.19639    0.26172   -0.11267   -0.23286   -0.40646    0.32787   -0.34399    0.36939    0.25360    0.06813    0.40882    0.85508    0.10713    0.82675    0.67027    0.15630    0.43172    0.60151    0.64587    0.50273    0.55803    0.52694    1.09804    0.67927    0.62860    0.45681
    0.20717    0.18935    0.04122    0.55351    0.04226    0.00004    0.23694    0.07048   -0.14187    0.54026    0.14154    0.53625   -0.03955    0.08125   -0.28570    0.32273   -0.16774    0.38907   -0.21364   -0.09967    0.18045    0.10633   -0.12606    0.19052   -0.04382   -0.32705   -0.17150   -0.44351    0.18610    0.36341   -0.23495   -0.03352    0.03237    0.21885    0.36441   -0.13966   -0.49965    0.15249   -0.17920    0.26650
    0.23786    0.19716    0.04272    0.43382   -0.47682   -0.18109   -0.02991    0.30801   -0.47186   -0.35807    0.10166    0.08902    0.33397   -0.49176    0.18225   -0.06943   -0.00058   -0.35680    0.35901   -0.10005   -0.03689    0.35969   -0.05458   -0.02381    0.25504   -0.23872   -0.10576   -0.24897   -0.06734    0.35264   -0.30653    0.03775    0.41570    0.32998    0.23523   -0.25236    0.31015   -0.35980   -0.01323   -0.05864
    0.30572    0.32020   -0.07452   -0.44985    0.06675    0.15655   -0.20913    0.13330   -0.42275   -0.10356   -0.45888   -0.26429   -0.28290    0.03931   -0.01318    0.14115   -0.49486    0.04783    0.15483   -0.06799    0.17515   -0.45959    0.18250   -0.29666    0.34395   -0.00582    0.44900    0.26080   -0.28586    0.50003   -0.05786   -0.00072    0.34810   -0.24932    0.01490    0.31098    0.19095   -0.45027   -0.10053    0.18324
   -0.16854   -0.00107    0.33343    0.15305    0.26599    0.51281   -0.36160    0.14734    0.38335    0.44519   -0.18866    0.39508   -0.19703    0.37577    0.29425    0.32054   -0.20877   -0.27768    0.30388    0.13472    0.05665    0.10551    0.33651   -0.47086   -0.26904    0.21498    0.14370   -0.02458    0.10925   -0.28051   -0.32075   -0.36288   -0.57906    0.47260    0.09393    0.27409   -0.36450   -0.55992   -0.23875   -0.43130
    0.52879    0.04112    0.48340    0.35499    0.37123   -0.23315   -0.13925   -0.32905    0.28644    0.14442    0.11966   -0.34102   -0.36804    0.48029    0.18638   -0.35743    0.00688   -0.16027    0.02984   -0.39171   -0.25014    0.09668    0.37757   -0.10945   -0.22426   -0.10633   -0.08194   -0.34166   -0.11668    0.29962   -0.41894   -0.43008    0.07342   -0.09978    0.26990    0.20519   -0.35478    0.14853    0.19303    0.42972
    0.39217    0.47889    0.25099   -0.19670   -0.39582   -0.03983   -0.20007    0.37203    0.05543    0.42149    0.34749    0.08568    0.15488   -0.16949   -0.00622   -0.42819    0.33686   -0.03468   -0.27571   -0.03599    0.49498    0.19897   -0.31693   -0.42754   -0.51716   -0.27804   -0.16122    0.25358    0.45878   -0.02144    0.54730   -0.12281    0.31531    0.50573    0.04092    0.29549   -0.10502    0.56713    0.15672    0.58414
    0.29616   -0.27634   -0.12697   -0.30970   -0.44115   -0.38376    0.15657    0.13462   -0.27679   -0.67057   -0.34610    0.17147   -0.22660   -0.55647   -0.45228    0.10907   -0.35611   -0.44743   -0.04948    0.13212   -0.44179    0.56149    0.58677    0.44389   -0.20765    0.54619    0.24798    0.31189    0.16950    0.37360    0.45095   -0.25926    0.01525    0.39428   -0.32058    0.07384   -0.37860   -0.08006   -0.48646   -0.31285
   -0.08470   -0.01041   -0.07976   -0.28375   -0.53370    0.08289   -0.38189    0.18650    0.35775   -0.13094   -0.09860   -0.46852   -0.21689   -0.42150   -0.21649   -0.23400   -0.31730   -0.01243   -0.00349   -0.04980    0.14377   -0.14526    0.08547   -0.20742   -0.13395   -0.01763    0.05213   -0.32687   -0.18557   -0.38914   -0.35975   -0.14898   -0.04289   -0.51657    0.06146   -0.15341    0.22094   -0.50666   -0.10647   -0.18939
    0.32876   -0.56118   -0.26146   -0.18961   -0.31408   -0.03597   -0.01383   -0.11116    0.14716    0.39936   -0.03652   -0.00843   -0.05451    0.39624   -0.34047   -0.46603   -0.02348   -0.36635   -0.16820    0.10499   -0.14567    0.26077   -0.19840   -0.00106    0.36022   -0.39377    0.31095   -0.18617   -0.06733    0.35710   -0.38751    0.06371   -0.43770   -0.03109   -0.48943   -0.13480   -0.60016    0.04920    0.25259   -0.24555
   -0.05706    0.15171   -0.04109    0.34254   -0.01627   -0.22232    0.01208    0.39041   -0.02530   -0.33516    0.35692    0.54802    0.53313   -0.37599   -0.04728   -0.11988    0.50053   -0.06718    0.18626    0.18148   -0.24103   -0.43422   -0.18430   -0.12600   -0.39466    0.26780    0.18250   -0.61847   -0.10975   -0.37955    0.36719    0.10505   -0.33865   -0.21963    0.12684   -0.35682    0.00186   -0.26966   -0.39718    0.33274
   -0.40138   -0.49331   -0.31491    0.13062    0.41408   -0.20673    0.21777   -0.12077    0.56437    0.38984   -0.00295   -0.18250    0.41849   -0.08453    0.13300   -0.42862    0.28889    0.29347    0.35660    0.40514   -0.23003    0.52991   -0.03414   -0.26507   -0.10819    0.08813   -0.09427    0.17523    0.18332   -0.13868   -0.14692   -0.44984   -0.03150    0.07182    0.35097   -0.15700    0.15001   -0.30307   -0.00636   -0.04899
   -0.00084   -0.00918   -0.33533    0.39279   -0.14813    0.65643    0.60316   -0.27989    0.45104    0.05152    0.36252    0.35439    0.04047    0.16631    0.39399    0.43100   -0.00139   -0.31438    0.30458    0.36180    0.50832   -0.28139   -0.18111    0.25117    0.04277   -0.23628    0.29909    0.27987    0.05720   -0.36442   -0.32546    0.01325    0.37641   -0.28076    0.20649    0.55168    0.10163    0.33347    0.26348   -0.17241
   -0.46308    0.28818    0.36933    0.20111   -0.32396   -0.38782    0.01399    0.09362   -0.39072   -0.31675    0.16074    0.02877    0.47293   -0.40611   -0.25031    0.18913    0.23223   -0.40923   -0.33415   -0.46125   -0.02211    0.27310    0.07668    0.02572   -0.35693   -0.03980   -0.40802    0.00922   -0.44294    0.22779   -0.48165   -0.25034   -0.16377   -0.46735   -0.46403   -0.22687    0.05112   -0.31411   -0.48668    0.06125
   -0.23333    0.05623    0.19160   -0.28121    0.26536    0.03862    0.59821    0.39720    0.59523    0.20936    0.27543   -0.26861   -0.20838    0.00011    0.10287   -0.03317    0.32718    0.13731    0.30836    0.37330    0.12241   -0.03798    0.23655    0.23445   -0.17695   -0.27251   -0.10234   -0.32834    0.32304    0.06534    0.22148    0.20178    0.16119   -0.25392    0.45779    0.56080    0.11613    0.39503    0.38144    0.40207
   -0.45236    0.02241    0.46394   -0.46106    0.23472   -0.19928   -0.36341   -0.16811    0.32007    0.24478   -0.47680    0.37187    0.44176    0.40478    0.20334    0.27479   -0.30737    0.42124   -0.02823   -0.20635   -0.13125    0.52141   -0.28767   -0.39490    0.14871    0.20896   -0.05907   -0.29295   -0.00990    0.25300    0.20618    0.17762   -0.22327   -0.42759   -0.56542   -0.21870    0.09060    0.18375   -0.24029    0.23725
   -0.35933   -0.43038   -0.24372   -0.44298    0.01217   -0.48600    0.27350   -0.40543   -0.23515   -0.43553    0.39897    0.16311   -0.05444   -0.00490   -0.09260   -0.09405   -0.01112   -0.25592   -0.42919   -0.30623    0.14272    0.21481   -0.36687    0.52895    0.27818    0.43145   -0.05937    0.46992    0.38868   -0.46240    0.29649   -0.25800   -0.39620   -0.32083    0.34321   -0.06784   -0.40924    0.34823   -0.21172   -0.24547
   -0.24948    0.02030    0.24142   -0.05083    0.35529    0.64406    0.63307    0.52021    0.03364   -0.17228    0.04838    0.41663    0.24378    0.12473    0.17713   -0.07694    0.03029   -0.10372    0.18990    0.44517    0.16019    0.28441   -0.46641   -0.39397   -0.05345   -0.13910   -0.36586   -0.11099   -0.34624   -0.39165   -0.09870   -0.23406   -0.39969   -0.19515   -0.28224    0.08553    0.22202    0.08753    0.09893   -0.43397
    0.26171    0.37940   -0.37755   -0.30077    0.44172    0.36044   -0.01172    0.14584    0.37952    0.15013    0.17127   -0.23598   -0.18709   -0.10572    0.08937    0.21649    0.18998   -0.10513   -0.41492    0.19909    0.54971   -0.17486    0.53054   -0.27377   -0.24259    0.44482    0.21458    0.43658    0.35569   -0.47000    0.15699    0.23011    0.00974    0.55383   -0.25369   -0.36005    0.41093   -0.12234    0.40890    0.00070
   -0.38248    0.01003   -0.15975   -0.52352   -0.77299    0.26516   -0.17365   -0.25376   -0.31710    0.16532   -0.64570   -0.27553   -0.45965    0.04234    0.09326    0.10501    0.50463   -0.56426   -0.26558   -0.00547    0.47210   -0.24375   -0.32015    0.18654    0.28157    0.37326    0.28325   -0.29058    0.37622   -0.53504   -0.08297   -0.22961   -0.10530    0.14606   -0.33064   -0.25257   -0.69470   -0.52463    0.01494    0.41067
   -0.09751   -0.47208   -0.17153    0.20055    0.16290    0.21900    0.00829   -0.28812   -0.00510   -0.46182    0.03807    0.09697   -0.27167   -0.46167   -0.31914    0.38007   -0.19413    0.18376   -0.43538    0.21832    0.26208   -0.20953   -0.31205    0.04495   -0.02099   -0.09720    0.08311    0.30519    0.26748   -0.16017    0.00293    0.25903    0.34520   -0.08481   -0.43909   -0.60745    0.07506    0.22068    0.13842    0.33442
   -0.37884    0.10182    0.22340    0.22583    0.18590   -0.09069    0.33937    0.48185   -0.05378    0.40126   -0.29405    0.06353   -0.00255   -0.36647    0.39804    0.20264    0.19175    0.56061    0.46740   -0.24443   -0.34643   -0.28098    0.38121    0.18223    0.41365    0.33282    0.01018    0.28113   -0.25354    0.09764   -0.03409    0.07412    0.12312    0.46512   -0.16173    0.40852   -0.40309   -0.11856   -0.27346   -0.36277
    0.33881   -0.49072   -0.10698    0.46663    0.20886    0.18614    0.26783    0.13108    0.14075    0.12892    0.00208    0.31216    0.55921    0.21756    0.50886   -0.20066   -0.24678    0.32788   -0.04631   -0.01021   -0.09576   -0.22773   -0.05244   -0.09419   -0.44917   -0.17085   -0.24765    0.28411    0.01538   -0.13204    0.12915   -0.24543    0.32667    0.26846   -0.42030    0.17011    0.24079   -0.14729    0.40283   -0.22215
   -0.14699   -0.08526   -0.01898   -0.41730    0.07729   -0.40153   -0.35289   -0.10890   -0.55697    0.07504   -0.45919   -0.61692   -0.35507   -0.11010    0.09280   -0.55070   -0.25596   -0.00345   -0.20937    0.06324   -0.39794   -0.15340   -0.28874   -0.14554   -0.16089   -0.39829   -0.08543   -0.18881   -0.20383   -0.26219   -0.38524    0.22002   -0.25078   -0.37665   -0.22755   -0.03865   -0.32198    0.29228   -0.34373   -0.01960
bs
   -0.35980   -0.03729   -0.48387   -0.11695   -0.20080   -0.34516   -0.42618   -0.26304   -0.41323   -0.18856    0.17737   -0.25997   -0.46014   -0.03758   -0.30227   -0.21289   -0.26166   -0.48886    0.01371   -0.45144   -0.57032   -0.50272   -0.20475   -0.68369   -0.24065   -0.46935   -0.61830   -0.12532   -0.51921   -0.62686   -0.79749   -0.46159   -0.32127   -0.16266    0.10562   -0.00152   -0.35761   -0.37091   -0.48653   -0.65999
Alpha:        0.6190
Eta:        0.2111
Activation Function: TANGENT
MeanSquaredError:   8.779781E-03
MeanSquaredError - validation:   3.266080E-01
Epoch :       200
NFE:          3
