Objective Function (MPCA): 
  2.439895E-01
Activation Function: 
  2
Hidden Layers: 
  2
Neurons First Layer: 
  6
Neurons Second Layer: 
 19
wh1
    0.42252    0.79232    0.40610    0.77269    0.60404    0.35404
    0.22078    0.30835    0.88560    0.68489    0.23834    0.70536
    0.24233    0.22799    0.29948    0.78363    0.31428    0.90794
    0.72283    0.59388    0.58569    0.05924    0.47401    0.52168
    0.17690    0.41290    0.18833    0.04246    0.13641    0.49093
    0.12675    0.59477    0.01660    0.22637    0.80336    0.50949
    0.11186    0.33223    0.28766    0.72659    0.31993    0.32789
bh1
    0.86376    0.86438    0.61729    0.91778    0.94757    0.80690
wh2
    0.66890    0.00226    0.55714    0.18011    0.60168    0.04070    0.46800    0.11035    0.00527    0.46993    0.22059    0.86448    0.15482    0.57578    0.53544    0.43997    0.09222    0.49932    0.39031
    0.06638    0.90670    0.13761    0.70408    0.55007    0.59944    0.28452    0.50026    0.77542    0.13295    0.43468    0.35468    0.85566    0.91669    0.68244    0.34163    0.80699    0.31861    0.64394
    0.27496    0.91764    0.15747    0.86714    0.14817    0.08997    0.21090    0.44588    0.54819    0.22413    0.54889    0.97737    0.18888    0.12595    0.50412    0.93992    0.16284    0.58891    0.84588
    0.44189    0.68064    0.53831    0.45860    0.19281    0.54110    0.75012    0.94374    0.09246    0.31670    0.89229    0.07597    0.54306    0.32431    0.07091    0.92681    0.77394    0.30045    0.23367
    0.24004    0.99141    0.36693    0.01591    0.08127    0.09754    0.32865    0.86773    0.75125    0.82391    0.62334    0.47923    0.71290    0.59469    0.95136    0.57190    0.31454    0.80137    0.52294
    0.68179    0.94095    0.20447    0.35290    0.71596    0.64034    0.74653    0.14274    0.06160    0.72258    0.72151    0.38473    0.96051    0.65068    0.02207    0.21283    0.27564    0.44704    0.48595
bh2
    0.39183    0.51064    0.60855    0.46543    0.16798    0.44157    0.75834    0.38894    0.65859    0.37376    0.52402    0.45493    0.85815    0.25569    0.18250    0.11059    0.15899    0.85827    0.07677
ws
   -0.09188   -0.07745   -0.30116   -0.00256   -0.01370   -0.22059    0.45680    0.58169   -0.10384    0.34400    0.31064    0.03506   -0.04371   -0.00968    0.14141    0.20517    0.21532   -0.22573    0.10789   -0.32722    0.14704    0.02672    0.67888    0.19140    0.50111    0.03720    0.36810    0.12413   -0.25031    0.04959    0.27544    0.27417    0.24613    0.15368   -0.04887   -0.23935    0.46728    0.39822    0.11698    0.28663
    0.47802   -0.24004    0.02725    0.06367   -0.08201    0.22763    0.07432    0.02402    0.34700    0.02796    0.04834   -0.43781   -0.18977   -0.28429   -0.04468    0.04813    0.17923    0.04042   -0.12783    0.35586    0.19817   -0.00467    0.11614    0.21992    0.27695    0.03666    0.00784    0.42011    0.27362    0.32872   -0.17038   -0.23644    0.24227    0.47830   -0.00797   -0.12634   -0.25288    0.03527   -0.14457    0.23913
   -0.29857    0.23066    0.34941   -0.07979   -0.47412    0.25620   -0.46171   -0.33313   -0.00656   -0.33036    0.09014   -0.18929   -0.45673   -0.02286   -0.06480    0.18410    0.46493   -0.30398    0.35035   -0.43415    0.02467    0.23334   -0.15843    0.34076    0.35079   -0.45956   -0.56525   -0.04426    0.40943   -0.06972   -0.22645    0.41936    0.24011   -0.12903   -0.38327    0.24990   -0.22925   -0.13195   -0.14103   -0.36495
    0.18878    0.40597    0.03576    0.53743    0.58844   -0.27820   -0.06102    0.42446   -0.12951    0.53984    0.53506    0.53963    0.55133   -0.23932    0.02305    0.73517   -0.32770   -0.29182   -0.00126    0.06017   -0.42154    0.55154    0.48066   -0.19307    0.13742   -0.28976    0.37347    0.27590    0.22625   -0.32574   -0.32586   -0.03703    0.38142   -0.28175    0.44810    0.30377    0.34195   -0.24763    0.49220    0.24443
   -0.24943    0.69525   -0.13768    0.43811    0.53369    0.55298    0.61930    0.24557    0.35302    0.34140   -0.08677    0.50072    0.31317    0.14346    0.17214    0.27869    0.43234    0.63182    0.57276    0.10735    0.26542    0.48227    0.66574    0.14979   -0.12356   -0.14530    0.37331    0.19398    0.13807    0.33673    0.53028   -0.05017    0.69516    0.33027    0.41861    0.34574    0.43615    0.08179    0.68554    0.01124
    0.41922    0.40457   -0.12243    0.03877   -0.27656    0.45328    0.25462    0.29515    0.49100   -0.01405    0.19897   -0.15824   -0.22456    0.30448    0.10371    0.62657    0.29764   -0.31912    0.25950   -0.36561    0.26710    0.03813   -0.22899    0.12364    0.43836    0.33612    0.56661    0.40534   -0.07091    0.00037   -0.06046    0.49741    0.55876   -0.00440   -0.14056    0.67825    0.31756   -0.13276    0.50630    0.40146
   -0.11720   -0.25254    0.03736    0.00746   -0.22647    0.04302    0.05348   -0.33520   -0.39879    0.27485    0.19500   -0.62762    0.21732   -0.20000   -0.06724   -0.23282   -0.19999    0.34579   -0.07294   -0.12515   -0.00953   -0.28012   -0.41100   -0.34319   -0.12919   -0.19514    0.25817   -0.54385    0.32033   -0.15773   -0.57917    0.03053   -0.75346    0.26739   -0.57888   -0.06264   -0.46232    0.28096    0.13535   -0.22543
    0.19376    0.20682   -0.28694    0.09578    0.56226   -0.05843   -0.53845    0.25305   -0.10507    0.06796   -0.14223    0.04704    0.05724    0.49316   -0.00115   -0.24303   -0.01846   -0.05864    0.01365   -0.27691    0.25303   -0.39760   -0.07077    0.16343    0.43460    0.14710    0.21429   -0.21246    0.42565    0.18058    0.02379    0.62760   -0.00031    0.46327   -0.10269    0.32068    0.15506    0.32736   -0.28628   -0.06318
    0.11669    0.23481    0.34414   -0.26415    0.32316   -0.49305   -0.52660   -0.07853    0.04537   -0.12521   -0.23222    0.23040   -0.06490    0.34565   -0.29974   -0.19505    0.44056   -0.31660   -0.21488    0.10950    0.06348   -0.48161   -0.14131   -0.35007   -0.47078   -0.35437    0.21263   -0.30697   -0.21568    0.01375    0.06118    0.03429    0.18272    0.26455   -0.07896   -0.40990    0.27175   -0.37318   -0.07865    0.28030
   -0.38033   -0.32297   -0.07995    0.26974   -0.05919    0.53987    0.05706    0.49431    0.38860   -0.13252    0.05252    0.50068    0.42156    0.40667    0.18510   -0.21777    0.53826    0.52093    0.25648    0.09849    0.16807   -0.21540   -0.12682    0.21304    0.08339    0.64330   -0.35265    0.33327   -0.17028   -0.32085    0.39259    0.03709   -0.41219   -0.08049   -0.01509   -0.08745   -0.26667   -0.23486    0.37781   -0.36201
   -0.01951   -0.41209    0.51752    0.06195   -0.28445   -0.15714    0.23567   -0.31473    0.19934    0.27324   -0.05095   -0.37253   -0.29945    0.56118    0.01879   -0.18507   -0.48625   -0.19602    0.10801   -0.43673    0.20371    0.27825   -0.32840   -0.31797    0.12053    0.30629   -0.41848   -0.28301   -0.05665    0.22151    0.12926   -0.17026   -0.29964    0.14102    0.40760   -0.26519   -0.03635    0.11781   -0.32948    0.00196
    0.48144   -0.01631    0.27638   -0.44722   -0.29825   -0.35698   -0.20868    0.17325   -0.23820   -0.17108   -0.39919    0.38377    0.58476    0.47340    0.00044   -0.17667   -0.46251   -0.31828    0.19916    0.18260    0.34987    0.47883    0.45878   -0.32310   -0.09212   -0.33570   -0.32929   -0.42951   -0.19049   -0.04671    0.18868   -0.13087    0.03459   -0.03016   -0.00150   -0.19088    0.15072    0.10550   -0.55400    0.08571
   -0.15188   -0.38378   -0.41143    0.05207   -0.39431   -0.28558   -0.18303    0.01652   -0.06940   -0.36528    0.19247    0.04906   -0.55172   -0.44725    0.00316   -0.25308    0.05944    0.12438   -0.48357   -0.29465   -0.27593   -0.40255   -0.45125    0.30286   -0.66737   -0.26662   -0.41354   -0.18254   -0.46547   -0.25151    0.24062   -0.18586   -0.26887   -0.07862   -0.59775   -0.38825    0.14168   -0.58030   -0.21505   -0.37898
    0.00658   -0.01183   -0.01103    0.45381    0.43528    0.32056    0.41387    0.48579   -0.12945   -0.18760    0.27756    0.08433   -0.15972    0.03793    0.11563   -0.00608   -0.42403    0.10464    0.15001    0.39365   -0.34631   -0.24500    0.38687   -0.15262   -0.10718    0.00135    0.36722    0.41120   -0.08876    0.24426   -0.22675    0.11858    0.48822    0.34488    0.07541    0.81349    0.30401    0.72714   -0.16203   -0.26648
   -0.01326   -0.14348    0.13353   -0.13111    0.61422   -0.22950    0.49478   -0.26318    0.68756    0.72590   -0.31580    0.00359   -0.21296    0.30947    0.48561   -0.12816    0.20588   -0.19157   -0.14561    0.56289   -0.06051    0.65736   -0.18331    0.17877   -0.20015    0.32755    0.17314    0.51389    0.24944    0.24352    0.02926   -0.04841   -0.23323    0.00833    0.31891    0.13502    0.62643    0.48943    0.41328    0.41146
   -0.19212    0.64972   -0.07014    0.03419    0.02675    0.42142    0.61784    0.32323    0.06524    0.19204    0.52519    0.39980    0.76401    0.18049    0.65550    0.13347    0.40389    0.13751   -0.28468   -0.17868   -0.07300   -0.18953    0.21493    0.41071   -0.34065    0.23354    0.10501   -0.08235    0.63694   -0.07940    0.25114    0.76001    0.00177    0.42112    0.56652    0.43741    0.19861    0.17718   -0.16009    0.59875
    0.30375    0.41070    0.79440    0.59291    0.79698    0.43153    0.00030   -0.07211    0.83404    0.34593    0.38019    0.60552    0.17406    0.15150    0.16055    0.22679    0.19822    0.42750   -0.34980    0.63549    0.21850    0.75640   -0.07183    0.68096    0.21799    0.27156    0.63307    0.10066   -0.06139    0.39165    0.37875    0.17803    0.58780    0.14452    0.67093    0.50559    0.06692    0.47990    0.78351    0.24213
   -0.31482   -0.66272    0.23435    0.01904   -0.67873    0.08724    0.02944   -0.55771   -0.35178   -0.28784   -0.70070   -0.22791    0.02824   -0.22548   -0.30309   -0.05383   -0.23244   -0.04392    0.27164    0.24153   -0.36141   -0.63716   -0.17457   -0.32933   -0.28968   -0.55788   -0.60932   -0.21161   -0.36055   -0.22442    0.19466   -0.51745   -0.51928   -0.77861    0.07813   -0.40451   -0.78944   -0.46826   -0.15734   -0.09525
    0.17016    0.25261    0.16257    0.13531    0.57876    0.55941    0.43255    0.52255    0.12292    0.48020    0.76341    0.46436    0.75543    0.15045    0.21210    0.26519   -0.01496    0.60570    0.39622    0.18970    0.24854    0.21993    0.11056   -0.08568    0.64379    0.51710   -0.14186    0.22620    0.04755    0.20893   -0.03149   -0.15559    0.43165   -0.09211    0.40137    0.33088    0.08778    0.18915    0.35949   -0.07561
bs
   -0.78871   -0.60385   -1.41609   -1.47421   -0.98538   -1.30625   -1.22111   -1.22876   -1.21965   -1.19547   -1.04102   -0.93108   -0.95760   -1.25207   -0.90899   -0.62076   -0.79106   -0.53363   -0.72343   -0.47302   -0.66016   -0.38849   -0.50550   -0.68351   -0.65387   -0.39994   -0.63471   -0.74379   -0.97264   -0.95050   -1.16029   -1.29471   -1.15063   -1.53272   -1.19412   -1.42213   -1.33341   -1.30247   -1.35414   -1.32099
Alpha:        0.6400
Eta:        0.1595
Activation Function: TANGENT
MeanSquaredError:   4.366014E-03
MeanSquaredError - validation:   2.679519E-01
Epoch :       200
NFE:         61
