Objective Function (MPCA): 
  2.474044E-01
Activation Function: 
  2
Hidden Layers: 
  2
Neurons First Layer: 
 23
Neurons Second Layer: 
 10
wh1
    1.89305    1.55420    1.43780    1.91419    2.23218    1.13613    1.57014   -0.21573    0.57994    0.99553    0.42763    1.58964    0.39764    1.20181    1.34383    0.62881    0.92425    0.25130    0.22044    0.44720   -0.17513    0.72332    0.53782
    1.31759    1.44854    0.43217    2.19413    1.13767    1.42811    0.74383   -0.14677   -0.18996    0.29724    0.61892    0.99351    0.15700    0.55337    0.85349    0.18991    0.74772   -0.29352   -0.07587   -0.01134    0.24964    1.13509   -0.22163
    0.76123    1.05162    0.39327    1.77261    1.16367    0.93511    1.14271    0.71350    0.28896    1.13174    1.12868    1.17500    0.14757    1.13710    1.14173    0.57768    1.04921   -0.13682    0.57309    0.32450    0.58008    1.22487    0.42698
    1.12059    0.96352    1.08605    2.10051    1.91624    0.56986    0.82612    0.49656    0.37296    0.94034    0.78291    1.07433   -0.08361    0.71566    1.33243    0.39797    0.52796   -0.45097   -0.31062   -0.33130    0.25992    0.86591   -0.20957
    1.24921    1.35311    1.34417    2.87378    1.99484    1.26815    1.29640   -0.38018    0.45538    0.44448    1.15200    1.36259    0.34432    1.25427    0.69792    0.37578    0.50261   -0.02553    0.42657   -0.23623    0.09596    1.52192    0.31387
    1.43308    2.20518    1.09475    2.55361    1.93365    1.77843    1.52839   -0.19171    0.20702    1.08598    0.88179    1.20028    0.08574    1.38362    1.27836    0.56549    1.29951   -0.52593   -0.16227   -0.28026   -0.76781    1.13656   -0.06115
    1.87740    1.56419    1.85863    3.42303    3.13531    1.09881    1.73056   -0.38466   -0.32681    1.55461    0.94312    1.36118   -0.05154    1.27821    1.56910    0.48726    1.36387   -0.08655   -0.07953   -0.48058   -0.33235    1.91527   -0.41027
bh1
   -4.83921   -5.03057   -2.89073  -11.60812   -8.56812   -3.51348   -3.72311    3.43351    3.54145   -1.76776   -2.05826   -4.01198    4.10662   -2.74717   -2.06461    1.69456   -2.80364    3.85888    4.12405    3.60314    3.74035   -3.44488    3.91285
wh2
    0.83245    0.50031    0.95792    0.00672    0.96397    0.09552    0.53293    0.58045    0.75319    0.23422
    0.92563    0.75334    0.03268    0.75301    0.27439    0.71206    0.14142    0.22209    0.48084    0.96949
    0.79487    0.21258    0.73717    0.43343    0.24321    0.55668    0.19685    0.73862    0.12519    0.14386
    0.03013    0.81483    0.09526    0.49539    0.27235    0.56973    0.59023    0.92570    0.14170    0.73236
    0.55042    0.35815    0.18994    0.05421    0.63819    0.51164    0.42535    0.29718    0.97443    0.95290
    0.01736    0.56622    0.83716    0.51021    0.84215    0.89938    0.51746    0.89362    0.33128    0.49449
    0.70763    0.02321    0.26310    0.59671    0.85657    0.90191    0.93827    0.23358    0.98844    0.01023
    0.85076    0.34633    0.88016    0.74146    0.65458    0.82110    0.06649    0.08576    0.99409    0.16390
    0.37830    0.79731    0.87288    0.55207    0.25037    0.99198    0.60325    0.21799    0.39786    0.02403
    0.38060    0.66041    0.07361    0.44575    0.28285    0.08799    0.89438    0.10211    0.43292    0.89515
    0.86520    0.21428    0.14653    0.87581    0.01840    0.68352    0.13407    0.32959    0.11692    0.11890
    0.96098    0.27881    0.18857    0.46291    0.13356    0.63389    0.20607    0.97803    0.53693    0.03224
    0.18767    0.64740    0.00435    0.36965    0.90394    0.27778    0.88619    0.41959    0.88276    0.39986
    0.98318    0.31430    0.34241    0.93900    0.21579    0.60286    0.65289    0.64195    0.36133    0.28327
    0.46317    0.13426    0.28801    0.91205    0.36821    0.15228    0.03720    0.48164    0.63844    0.49355
    0.89053    0.95532    0.44814    0.55537    0.86990    0.66207    0.26746    0.42929    0.86887    0.19179
    0.58834    0.21388    0.07582    0.00685    0.43690    0.05324    0.06710    0.55959    0.89551    0.70198
    0.22585    0.05880    0.92729    0.48296    0.00344    0.90863    0.96178    0.30356    0.01698    0.45215
    0.30515    0.61906    0.59803    0.26456    0.45748    0.92780    0.41412    0.64676    0.20599    0.50994
    0.70484    0.76925    0.90505    0.75995    0.46924    0.22928    0.60298    0.97140    0.76353    0.99778
    0.67570    0.33299    0.73298    0.70277    0.25123    0.92661    0.59086    0.82751    0.53875    0.91685
    0.41479    0.68608    0.33002    0.67609    0.40589    0.30159    0.63696    0.19097    0.64179    0.79231
    0.15159    0.77952    0.28797    0.00723    0.08979    0.97436    0.98451    0.54586    0.97217    0.19943
bh2
    0.81725    0.21311    0.29646    0.73142    0.87074    0.64353    0.85617    0.53133    0.57051    0.14544
ws
    0.70812    0.16847    0.35275    0.02965    0.13037   -0.20636    0.47007    0.19385    0.04765    0.48708    0.01843    0.09089    0.61267   -0.10487    0.28579    0.09287   -0.02293    0.26079    0.43335    0.01203    0.65174    0.12930    0.01178   -0.01450    0.69664    0.48711    0.13656    0.29012    0.36313    0.04329    0.55283   -0.09241    0.34323    0.27849    0.36905    0.48188    0.50039    0.37543    0.51030    0.30546
    0.10899    0.59357   -0.12047    0.69371    0.82294    0.66921    0.18455    0.15575    0.90718    0.92045    0.26601    0.28819    0.30024    0.67507    0.33990    0.04808   -0.06698   -0.18682    0.35267    0.63556    0.43099    0.54831    0.07713    0.49318    0.43953    0.28542   -0.03509    0.18368    0.50905    0.23312    0.64977    0.63124    0.93555    0.63278    0.14905    0.09918    0.53344    0.10778    0.12733    0.38536
    0.22139    0.51185    0.80764    0.24643    1.02412    0.07215    0.04822    0.48702    0.68712    0.05878    0.14795    0.25581    1.00886    0.37778    0.74873    0.46606    0.02297    0.51727    0.42180   -0.11387    0.30841   -0.06474    0.28953    0.29339    0.63777    0.52932    0.18943   -0.09957    0.65848    0.89233    0.71738    0.90423    0.22434    0.55086    0.81204    1.01725    0.40161    0.73379    0.60419    0.41721
   -0.04496    0.16225    0.39161    0.01993    0.73986    0.54250    0.63133    0.49778    0.50105    0.24913    0.16639    0.14494    0.30843    0.62623    0.30028    0.71565    0.68603    0.07055    0.64550    0.56787    0.06116    0.11605    0.48712    0.30485   -0.15824   -0.23431    0.58730   -0.00777    0.44778    0.47175    0.60945    0.16601   -0.12355    0.56172    0.67856   -0.07016    0.03785    0.09741    0.76001    0.64402
    0.09497    0.32837    0.59368    0.42047    0.46943    0.75770    0.17971    0.57496    0.05139    0.68260    0.41499    0.37753    0.74085    0.14929    0.08330    0.08512    0.05571    0.34751   -0.11943    0.29055   -0.25367   -0.01703    0.46466    0.34577   -0.10154   -0.06196    0.43708    0.13913    0.01822    0.71593   -0.11508    0.07169    0.43335    0.51585    0.45127    0.57570    0.22044    0.17999    0.15986   -0.14447
    0.29949    0.59275    0.57126    0.93414    0.28626    0.77058    0.99055    0.85049    0.79471    0.50065    0.16552    0.58399    0.43431    0.27010    0.07283    0.29708   -0.01210    0.42721    0.27178    0.21881    0.45057    0.17651    0.66398    0.45743   -0.06416    0.26059    0.25393    0.12403    0.18169    0.19799    0.40707    0.70588    0.50535    0.51165    0.26933    0.61373    0.44542    0.86851    0.83003    0.71645
    0.36852    0.69823    0.91464    0.28921    0.13984    0.61480    0.61554    0.24092    0.09728    1.02979    0.71583    0.18255    0.33685    0.25181    0.68880    0.02351    0.02928    0.24400   -0.02094    0.00847   -0.11524    0.50549    0.05246    0.15363    0.70307   -0.13663    0.08677    0.40777    0.00758    0.15743    0.78764    0.10687    0.35642    0.28338    1.12795    0.39556    0.86045    0.54842    0.43329    0.43689
   -0.05867    0.07416    0.84528    0.20330    0.27309   -0.04239    0.81279   -0.14785    0.49548   -0.12995    0.26306    0.08300   -0.10693    0.27653    0.63506    0.71819    0.32569    0.55965   -0.23770   -0.29429    0.62919    0.17071    0.45128   -0.05143    0.20513    0.08119    0.50077    0.12468    0.44731   -0.07361    0.00052    0.60880    0.72632    0.59370    0.87254    0.65149    0.23135    0.42746   -0.00285    0.56023
    0.02968    0.35270    0.16937    0.38903    0.28443    0.38123   -0.01359    0.68079    0.66217   -0.02416    0.53424    0.76382    0.12903    0.71981    0.11458    0.38171    0.64186    0.32936   -0.15145    0.17051    0.04105    0.39606    0.28153    0.19829    0.64124    0.66393    0.26422    0.40489   -0.09901    0.56333   -0.13812    0.19043    0.52912    0.23152    0.04122    0.60451    0.68161    0.69736   -0.02571    0.54113
    0.52473    0.30118    0.16140    0.71774   -0.08748    0.10183   -0.10482    0.14907    0.51475    0.38633    0.70626    0.51698    0.33516   -0.26169    0.20576   -0.21867    0.26023    0.33174    0.38980    0.15724   -0.09614    0.35560    0.24684    0.76094   -0.14279    0.68464    0.50562    0.68660    0.50544    0.50272    0.77389    0.74374    0.31960    0.15143    0.29122    0.30644    0.49797    0.41791    0.69219    0.40892
bs
    0.40631    0.23553    0.65924    0.56726    0.28099    0.31723    0.78641    0.42897    1.01013    0.86612    0.99596    0.84783    0.62753    0.46012    0.55789    0.68361    1.02370    0.72333    0.38022    0.49829    0.50060    0.65211    0.84282    0.68186    0.18449    0.55182    1.10529    0.68296    0.53285    0.45766    0.49274    0.20104    0.96024    0.74237    0.77750    0.43227    0.60142    0.24915    0.35436    0.63692
Alpha:        0.4723
Eta:        0.1236
Activation Function: TANGENT
MeanSquaredError:   8.954394E-03
MeanSquaredError - validation:   2.712494E-01
Epoch :       200
NFE:         17
