Objective Function (MPCA): 
  2.704994E-01
Activation Function: 
  2
Hidden Layers: 
  2
Neurons First Layer: 
 26
Neurons Second Layer: 
 31
wh1
    0.42176    0.19748    0.41310    0.97245    0.26921    0.38383    0.65915    0.66785    0.88655    0.86230    0.25801    0.09697    0.45044    0.33490    0.60937    0.69094    0.65554    0.23102    0.89594    0.83300    0.42198    0.80822    0.99828    0.69693    0.70548    0.49116
    0.40447    0.44058    0.33439    0.39780    0.22612    0.45761    0.69806    0.60430    0.83746    0.11327    0.29998    0.64180    0.43703    0.40476    0.87506    0.62848    0.40830    0.61736    0.82255    0.04385    0.26610    0.35230    0.11176    0.53969    0.52724    0.68952
    0.59814    0.34001    0.50429    0.76590    0.34055    0.92292    0.21372    0.21872    0.71121    0.84063    0.06181    0.34285    0.44203    0.24311    0.42298    0.74608    0.05809    0.36296    0.14636    0.06399    0.04457    0.46343    0.76355    0.34813    0.89511    0.31655
    0.19323    0.03505    0.28134    0.40006    0.50244    0.25049    0.59637    0.16061    0.71101    0.15097    0.70978    0.83274    0.31585    0.25501    0.10170    0.72388    0.74506    0.36753    0.18621    0.47868    0.86995    0.59880    0.87384    0.14070    0.73595    0.19422
    0.50624    0.26036    0.55349    0.86742    0.16036    0.74557    0.93920    0.07148    0.71880    0.94091    0.19274    0.71211    0.35639    0.26657    0.70655    0.48465    0.37861    0.67744    0.09299    0.29466    0.94349    0.16284    0.93100    0.37513    0.40940    0.54335
    0.16749    0.84608    0.59296    0.25928    0.82675    0.56232    0.66117    0.57361    0.13113    0.44259    0.25481    0.41669    0.01240    0.29608    0.99266    0.23398    0.10866    0.42451    0.82344    0.40911    0.41887    0.59440    0.94777    0.67868    0.84484    0.61767
    0.74679    0.08570    0.03343    0.36481    0.47599    0.29339    0.75029    0.81227    0.21176    0.67974    0.15414    0.90169    0.41999    0.84540    0.12298    0.57478    0.99393    0.71310    0.43994    0.68304    0.53006    0.65377    0.02263    0.46228    0.73110    0.41462
bh1
    0.05202    0.25609    0.80634    0.79397    0.56153    0.76259    0.38649    0.07432    0.21833    0.40777    0.16703    0.91635    0.66577    0.54194    0.87106    0.28394    0.64280    0.54415    0.30237    0.41270    0.98192    0.46229    0.88012    0.70568    0.85565    0.08290
wh2
    0.13333    0.06113    0.62682    0.37121    0.70607    0.18677    0.85528    0.42266    0.65787    0.32386    0.92154    0.12437    0.79160    0.05973    0.18637    0.48372    0.03088    0.16348    0.98004    0.94948    0.47274    0.10794    0.88014    0.32274    0.13036    0.98795    0.81140    0.93934    0.53308    0.18338    0.25235
    0.68258    0.77574    0.37449    0.36527    0.14845    0.77873    0.89001    0.85263    0.52075    0.58499    0.91493    0.00972    0.15218    0.50248    0.55477    0.21565    0.03582    0.01852    0.30806    0.75335    0.42931    0.36518    0.42106    0.43065    0.92237    0.62018    0.38132    0.89575    0.45344    0.79391    0.98411
    0.25541    0.20344    0.55615    0.84520    0.96035    0.84335    0.09857    0.05701    0.78737    0.96103    0.42030    0.55034    0.73187    0.71108    0.12505    0.85955    0.12786    0.31994    0.64556    0.47168    0.58235    0.05004    0.13720    0.56298    0.01610    0.84742    0.00328    0.03706    0.80677    0.33117    0.85155
    0.70711    0.89220    0.64832    0.18736    0.62081    0.76731    0.68913    0.50209    0.59314    0.15472    0.29839    0.36847    0.09131    0.10997    0.80396    0.69514    0.91241    0.18372    0.04670    0.48883    0.94809    0.60989    0.37752    0.30815    0.16194    0.71345    0.44344    0.24235    0.10872    0.27505    0.77245
    0.58997    0.07896    0.03856    0.87901    0.10021    0.73219    0.20998    0.61906    0.10110    0.52761    0.98518    0.96862    0.06905    0.38170    0.80381    0.69440    0.20482    0.46670    0.42567    0.67776    0.64432    0.12302    0.37286    0.78690    0.52789    0.24418    0.53505    0.37296    0.05995    0.32092    0.79405
    0.30884    0.48028    0.42856    0.58214    0.33231    0.41355    0.90628    0.41925    0.03615    0.18323    0.30359    0.57934    0.79042    0.97491    0.89196    0.10518    0.49726    0.62754    0.45315    0.17767    0.03287    0.73764    0.91784    0.97146    0.90985    0.70712    0.87607    0.13902    0.19986    0.24927    0.23972
    0.24835    0.94291    0.57378    0.66700    0.19069    0.64008    0.44149    0.19645    0.87499    0.34748    0.80247    0.08503    0.41537    0.96179    0.01937    0.36024    0.60597    0.83983    0.59193    0.87287    0.35103    0.68913    0.47970    0.02113    0.29626    0.05209    0.55194    0.44421    0.91553    0.26640    0.47176
    0.00728    0.99183    0.92649    0.58499    0.53381    0.66465    0.78886    0.86279    0.72931    0.45341    0.71225    0.24516    0.40057    0.52824    0.78434    0.31488    0.34114    0.13261    0.58101    0.94220    0.69962    0.68618    0.17332    0.34732    0.44926    0.75038    0.38613    0.39066    0.21525    0.51326    0.25032
    0.19402    0.40939    0.33914    0.03071    0.87604    0.91873    0.05512    0.54836    0.33017    0.33608    0.07394    0.68447    0.87549    0.20016    0.66145    0.36662    0.14384    0.05699    0.10900    0.91613    0.49986    0.71647    0.02538    0.04537    0.65568    0.19335    0.58770    0.57890    0.88754    0.80798    0.39242
    0.80404    0.58646    0.38146    0.19586    0.90434    0.53931    0.66907    0.83982    0.94334    0.11219    0.23674    0.84131    0.68261    0.97138    0.91270    0.38979    0.23892    0.23842    0.94009    0.45907    0.53245    0.40001    0.67221    0.49591    0.06269    0.08833    0.71809    0.61057    0.11752    0.36728    0.02639
    0.00872    0.80987    0.44230    0.61916    0.83949    0.74218    0.06623    0.13683    0.80021    0.55102    0.88074    0.87282    0.22559    0.40759    0.71658    0.55217    0.48742    0.08713    0.92740    0.88433    0.05101    0.13016    0.16710    0.70565    0.05264    0.66312    0.33514    0.63078    0.81211    0.06903    0.76338
    0.06798    0.09197    0.04776    0.45741    0.49764    0.90672    0.11845    0.57595    0.20803    0.54870    0.68139    0.51007    0.84679    0.12580    0.71674    0.23305    0.83693    0.29372    0.25842    0.67066    0.01594    0.35880    0.65849    0.80789    0.85637    0.75010    0.92047    0.29073    0.08608    0.82815    0.50750
    0.57648    0.56149    0.17541    0.04090    0.33422    0.83146    0.30918    0.70214    0.21994    0.99450    0.74807    0.04891    0.19976    0.13196    0.73809    0.62351    0.24445    0.63635    0.34154    0.84721    0.46503    0.93089    0.00568    0.31661    0.43839    0.01783    0.74690    0.94086    0.35412    0.44642    0.11330
    0.48481    0.85285    0.25630    0.20092    0.20650    0.80713    0.88861    0.03857    0.07891    0.21210    0.40755    0.85883    0.43237    0.11156    0.00009    0.03855    0.62390    0.57134    0.60043    0.10849    0.34054    0.87187    0.05440    0.46800    0.37664    0.01811    0.47182    0.95895    0.76993    0.88841    0.19738
    0.01638    0.10368    0.37406    0.86134    0.11208    0.74920    0.47740    0.19791    0.58118    0.45050    0.92260    0.34486    0.87117    0.02886    0.09631    0.73687    0.56012    0.27205    0.27611    0.24660    0.37614    0.73850    0.31127    0.08336    0.96860    0.75396    0.19521    0.87406    0.56397    0.64155    0.90427
    0.87366    0.41793    0.46862    0.36827    0.07365    0.56083    0.62005    0.83163    0.85652    0.96808    0.87216    0.74126    0.77535    0.81024    0.05029    0.90296    0.64837    0.95006    0.78999    0.78153    0.10720    0.94316    0.17731    0.15086    0.87053    0.78963    0.93146    0.96978    0.46060    0.30336    0.42836
    0.76889    0.42072    0.30152    0.76956    0.90228    0.05438    0.86667    0.79898    0.77154    0.94496    0.09646    0.77886    0.59788    0.51918    0.49238    0.84409    0.48987    0.38510    0.04537    0.78054    0.70069    0.92310    0.12806    0.61357    0.07587    0.89398    0.02825    0.43359    0.55493    0.21744    0.54207
    0.63234    0.87049    0.17811    0.68742    0.03231    0.38931    0.26788    0.19003    0.22590    0.42212    0.60883    0.74638    0.72901    0.60587    0.71769    0.02273    0.79840    0.90999    0.94410    0.52476    0.76382    0.46011    0.82486    0.61835    0.75584    0.75218    0.93908    0.37202    0.98276    0.89428    0.46698
    0.19376    0.14800    0.17399    0.04541    0.52983    0.45128    0.90640    0.28619    0.40244    0.96001    0.68792    0.21992    0.62196    0.46233    0.69328    0.23161    0.97245    0.07387    0.61542    0.41511    0.04586    0.65800    0.74469    0.32974    0.56221    0.74341    0.94272    0.34459    0.11098    0.27153    0.83061
    0.81873    0.13786    0.09336    0.37179    0.79036    0.23630    0.95343    0.17952    0.02254    0.47418    0.52828    0.20936    0.96550    0.89769    0.89404    0.27837    0.41183    0.76135    0.40763    0.24333    0.67980    0.36056    0.91753    0.59116    0.33321    0.88967    0.31111    0.98844    0.64317    0.23265    0.34781
    0.69197    0.92990    0.37438    0.65247    0.55622    0.29501    0.67564    0.39519    0.13212    0.54501    0.30808    0.23484    0.61474    0.28096    0.83549    0.64824    0.46621    0.02722    0.35109    0.74270    0.74123    0.05051    0.61599    0.79317    0.38960    0.35854    0.52697    0.97055    0.41184    0.77259    0.14998
    0.70443    0.96415    0.80104    0.21237    0.96087    0.65062    0.49518    0.25259    0.13442    0.92229    0.50368    0.83964    0.91126    0.39882    0.73080    0.56795    0.48996    0.86946    0.58342    0.59804    0.73308    0.23057    0.70058    0.16594    0.92012    0.04963    0.84834    0.65734    0.51053    0.20718    0.94690
    0.85239    0.62817    0.49059    0.78189    0.57221    0.69565    0.40424    0.79604    0.56274    0.28066    0.30312    0.35967    0.31590    0.38976    0.09833    0.80251    0.13178    0.79907    0.39032    0.40895    0.15727    0.51938    0.94482    0.29409    0.93985    0.30394    0.89620    0.88924    0.72869    0.74407    0.75140
    0.56299    0.59793    0.05657    0.66502    0.26292    0.15188    0.28229    0.11371    0.99942    0.74878    0.82706    0.08559    0.08558    0.45192    0.57675    0.72659    0.55499    0.97178    0.95452    0.87443    0.73613    0.23382    0.62339    0.96503    0.87694    0.85860    0.38379    0.95445    0.55279    0.61017    0.70099
    0.85668    0.74846    0.25588    0.40280    0.66153    0.06088    0.49053    0.94532    0.66519    0.13532    0.81378    0.78270    0.68011    0.25450    0.26898    0.78344    0.10770    0.19633    0.65680    0.17072    0.22342    0.14915    0.68668    0.09590    0.69981    0.61634    0.30873    0.04137    0.27634    0.68311    0.21550
    0.94653    0.71148    0.51526    0.65792    0.00475    0.06720    0.56241    0.17485    0.09000    0.12667    0.02252    0.03511    0.77644    0.33229    0.57843    0.14870    0.43435    0.11736    0.35265    0.70947    0.36117    0.39161    0.47258    0.15823    0.31843    0.89836    0.36302    0.21395    0.09430    0.71370    0.14121
bh2
    0.85560    0.54729    0.61711    0.49737    0.65976    0.46682    0.86090    0.07004    0.71612    0.81942    0.57611    0.68096    0.35282    0.85041    0.17578    0.91295    0.00612    0.20442    0.00700    0.50749    0.48269    0.18969    0.86240    0.69116    0.10315    0.47693    0.30247    0.58612    0.25199    0.34124    0.79773
ws
    0.27792   -0.08419    0.35269    0.10917    0.23299   -0.22191   -0.32529    0.23337   -0.26826   -0.43408   -0.28894   -0.46233   -0.35185   -0.36810   -0.28521   -0.05675   -0.58178    0.01903   -0.14570    0.49903   -0.08858   -0.14152    0.36574    0.31035   -0.35095    0.31594   -0.21938    0.17775   -0.29639   -0.22104    0.16548    0.31804   -0.39041   -0.12339    0.22708    0.02422   -0.43486   -0.04962   -0.12061   -0.06593
   -0.36428   -0.16001   -0.12322   -0.02363   -0.37812   -0.37740   -0.18496    0.41157   -0.14798   -0.59211   -0.15646   -0.31390   -0.32182   -0.26494    0.10753    0.03328   -0.45665   -0.43633   -0.57210    0.04324    0.22324    0.00343   -0.03567   -0.12575   -0.06912    0.28688   -0.16048    0.45579    0.47898   -0.13165   -0.07167   -0.20586   -0.28939    0.50109   -0.00078    0.35476    0.07848    0.26979    0.05188    0.56674
    0.16302    0.31025   -0.24404    0.49805    0.45876    0.43126    0.18961    0.56290    0.09871    0.53528    0.10275    0.27316    0.48003    0.72524   -0.08827    0.21896    0.19323    0.71048    0.56891    0.11076   -0.25163    0.59941   -0.33885   -0.12444   -0.09056    0.08656   -0.25744   -0.08387    0.08306   -0.06560    0.26295    0.06806    0.19072   -0.15030    0.32562    0.00418   -0.03700   -0.09428    0.17188   -0.08397
    0.00609   -0.23575   -0.27406   -0.29392   -0.77334   -0.57741   -0.12885   -0.04753   -0.60333   -0.31458   -0.55879   -0.37661   -0.41261   -0.44166   -0.13307    0.02596   -0.16451    0.02938   -0.26520   -0.04511   -0.06702   -0.15763   -0.22322   -0.13590    0.11047    0.31303    0.21274    0.34043    0.75242    0.48255   -0.15723    0.57436    0.32322    0.23455   -0.37965    0.05006   -0.10245    0.01054    0.24158    0.54818
   -0.06588   -0.48953   -0.09661    0.05533   -0.42414   -0.32931    0.35471    0.33963    0.48034    0.54421    0.22318    0.52235   -0.08786    0.29508    0.02414    0.00488    0.40379    0.44375    0.55562   -0.00514    0.27526   -0.04408    0.59235    0.61815    0.19303   -0.04905    0.23630   -0.51330    0.13058    0.11175   -0.48440   -0.61310   -0.58250   -0.20412    0.06883   -0.46653   -0.64468   -0.46509   -0.49929   -0.45313
   -0.59150    0.11913   -0.20275   -0.40304   -0.14099   -0.47611   -0.16211   -0.00165    0.07073    0.48989    0.65329    0.47987    0.04797    0.54996   -0.22920    0.24077    0.35521    0.44892    0.34339    0.44639    0.48579    0.43018    0.82130    0.62262   -0.26449   -0.40267    0.07591    0.09974   -0.02043   -0.50278   -0.22234   -0.69216   -0.58327   -0.19098    0.09770   -0.21696    0.02921   -0.87884   -0.58117   -0.05935
    0.45021   -0.09662   -0.36236    0.18394   -0.07938   -0.25642   -0.35780    0.27965   -0.14869    0.05630   -0.03427   -0.56393   -0.39990   -0.52264   -0.16423   -0.04558   -0.38296    0.17400   -0.28827   -0.08274   -0.05450   -0.37980   -0.18218   -0.50649   -0.58621    0.13670    0.17052   -0.13864   -0.00238    0.50948   -0.08320    0.29235    0.15178    0.59844   -0.30249    0.57800    0.21282    0.54649    0.55503    0.48495
    0.50741   -0.01389    0.37626   -0.37290    0.44426    0.45340    0.13178    0.42272    0.58103    0.48335    0.32707    0.32871   -0.10810    0.14670    0.61282    0.16073   -0.00953    0.42084   -0.13139    0.63681    0.27260    0.21989    0.19905    0.40912   -0.17070    0.39284   -0.26827    0.11900    0.28769    0.17830   -0.11604   -0.20084   -0.05765    0.39722   -0.31792    0.52691    0.25053    0.05272   -0.09394    0.25271
   -0.51816    0.17365    0.11064    0.01243    0.56818   -0.05217   -0.17495    0.58708    0.32427    0.04858    0.34297    0.34563    0.33333   -0.03271    0.62184   -0.33975    0.07938    0.44590   -0.26579    0.59574    0.63083    0.44116    0.43924   -0.22003   -0.44723   -0.39296    0.01755   -0.28675   -0.33951   -0.06242   -0.53039    0.19585    0.09610    0.17757    0.15714   -0.59963    0.17140   -0.58143   -0.18508   -0.56255
   -0.19466   -0.04354    0.25691    0.24655    0.31349    0.37587    0.13552    0.08632    0.39926   -0.18524    0.33083   -0.44567   -0.15702    0.13713   -0.40666   -0.14948    0.02801   -0.16394    0.25952    0.23825    0.53252   -0.38188    0.22796    0.31881    0.32081   -0.37549    0.19273    0.14337   -0.26679   -0.24231    0.09359   -0.20443   -0.56724    0.12519   -0.27418   -0.60337   -0.56336   -0.10478   -0.15541   -0.28917
   -0.09344   -0.08321   -0.30358    0.14212    0.19182   -0.27397   -0.52514    0.13875   -0.09611   -0.28753   -0.10627   -0.49655   -0.65826    0.21018   -0.34648   -0.24791   -0.18115   -0.45701   -0.39769   -0.32777   -0.44280    0.28523   -0.06204   -0.10863    0.30482    0.42059   -0.28648   -0.07889   -0.32735   -0.09793    0.00365    0.20400    0.43309    0.26809   -0.13027    0.22295    0.00700   -0.30859    0.46453    0.21432
    0.32006    0.22519    0.14497    0.11829   -0.04429   -0.40796   -0.62704    0.00785    0.23852   -0.30634   -0.24046    0.29121   -0.05020    0.25694    0.33639   -0.50801    0.22865    0.08507   -0.29968    0.14446    0.02876    0.58999    0.15693    0.10934    0.26640    0.05607    0.24489    0.44213    0.11599   -0.14422   -0.34582   -0.52123    0.18268   -0.46070   -0.31212    0.25640   -0.49184   -0.20978   -0.56910   -0.37398
   -0.28481   -0.37791   -0.25341   -0.40085    0.41319   -0.28159    0.10169   -0.03763   -0.28493   -0.31124    0.17303    0.33260    0.04926    0.04154   -0.28236    0.40210   -0.18547   -0.20282    0.12054   -0.33093    0.11119   -0.35793   -0.38386    0.37993    0.10604   -0.25077    0.34828   -0.30386   -0.30790    0.01717   -0.14413   -0.18715    0.11275   -0.09923   -0.24182    0.05319    0.36342    0.34371   -0.30965   -0.29358
    0.37593    0.46855    0.00596   -0.09986   -0.35060   -0.22053   -0.03186   -0.47824   -0.50726   -0.10350   -0.31037   -0.38904   -0.39932   -0.24223    0.25853   -0.54396    0.20964   -0.19822   -0.61023   -0.32450   -0.19866   -0.35133   -0.37485    0.13322    0.09509    0.47883    0.15242    0.13677    0.30570    0.32830    0.24948    0.51982   -0.01405    0.11382   -0.08786   -0.06231   -0.11750    0.50935    0.44506    0.18722
    0.22015   -0.17438    0.48225   -0.31565    0.08840    0.43993   -0.05705    0.10262   -0.09706   -0.07887   -0.29541    0.20281   -0.14990    0.22384   -0.53834   -0.38601   -0.17107    0.33671    0.02062   -0.68380   -0.25033   -0.06834    0.17648   -0.48147    0.32807   -0.37539   -0.27863   -0.14454    0.28286   -0.12760    0.12721   -0.06391    0.42514    0.08175    0.32532    0.18689    0.47161    0.07919    0.42413    0.68702
   -0.10587   -0.08693    0.20776    0.15785   -0.61943   -0.26901   -0.15462    0.11885   -0.30671   -0.15895   -0.13176   -0.11345   -0.20996    0.12379    0.47746    0.30878    0.44652    0.07936    0.51545    0.18078    0.37315   -0.03136   -0.04982    0.01911    0.25967   -0.02079   -0.01851   -0.50239    0.08586   -0.70653   -0.45942   -0.15546   -0.43100   -0.66694   -0.56045   -0.30587   -0.89929   -0.14609   -0.76180   -0.84236
    0.61765    0.15886    0.56624    0.55739    0.57213    0.35883    0.16512   -0.20479    0.39924   -0.38828   -0.22119   -0.12205    0.28881   -0.42642    0.26518    0.10195    0.06891   -0.05088   -0.37007   -0.41462   -0.27957    0.03809    0.28171   -0.45005    0.40891    0.44184    0.38210    0.69145   -0.35409    0.65904    0.66935    0.02703    0.51000    0.10857    0.14515   -0.03898    0.61494    0.67262    0.31603    0.26653
   -0.02640    0.03880   -0.10492   -0.21821   -0.37423    0.33133    0.35047   -0.08712    0.07639    0.29965   -0.37808   -0.43293    0.32949    0.15304   -0.15825   -0.23251    0.13103   -0.48420   -0.24692    0.16926    0.13561    0.03323   -0.39815    0.31675    0.11963    0.58512    0.48364   -0.04552    0.20175    0.57517    0.08146   -0.05085    0.31896    0.51203    0.14291    0.05801    0.37874    0.03997    0.01229    0.58821
   -0.12224    0.46312    0.58912    0.27289   -0.13159   -0.17974   -0.03064    0.19288    0.33261    0.43059    0.33143    0.26820   -0.16907    0.33196    0.37208   -0.33178    0.03024   -0.17094   -0.43323   -0.08465   -0.79589   -0.73455   -0.22543    0.13958   -0.56661   -0.53087    0.08333    0.59895    0.47955    0.23638    0.70443    0.79133    0.28069    0.36538    0.85496    0.91408    0.26443    0.92765    0.87165    0.84741
    0.29916    0.26052    0.09105   -0.12468    0.15795    0.53122   -0.21122   -0.17260    0.37616    0.02697    0.45384   -0.23887   -0.09214    0.40590    0.36845    0.33812    0.11716   -0.37555   -0.28056   -0.33022   -0.13951   -0.44988   -0.62523   -0.18037   -0.25025   -0.07670    0.12627   -0.44813    0.05887   -0.29206   -0.27111    0.52676    0.30941   -0.33757    0.04274    0.16214   -0.17559    0.42079   -0.07819   -0.44720
    0.05033    0.33261   -0.13078   -0.41591    0.10997    0.12911    0.20243   -0.21261   -0.12065    0.41176    0.32640   -0.00348    0.41615    0.26304   -0.08980   -0.18600   -0.29903    0.04585   -0.01863   -0.79214    0.17437   -0.07401   -0.57189    0.07579    0.24593    0.19377    0.32138    0.19351    0.07418    0.41223   -0.30234    0.11882    0.37534    0.57839    0.02371    0.29613    0.61265   -0.05013    0.36803    0.09497
    0.10842    0.32189   -0.28123    0.50229    0.53715    0.23236    0.79872    0.39388    0.40363    0.40488    0.26674    0.44407    0.62037    0.22551    0.43488    0.16008    0.51208    0.08108    0.13761    0.64358    0.25988   -0.26817    0.19568   -0.58198   -0.34956   -0.55206   -0.16576   -0.06112   -0.36769   -0.04623   -0.17260   -0.28753    0.27484    0.24352   -0.27170   -0.07782   -0.13656   -0.13798   -0.08059    0.08926
    0.29183    0.32422   -0.18255    0.02569    0.03681   -0.11642   -0.18099   -0.10363   -0.73263    0.00973   -0.69580   -0.66544    0.10194   -0.64463   -0.38624    0.04582   -0.20584   -0.74881   -0.15683   -0.32992   -0.40339   -0.20366   -0.18854    0.09863   -0.04214   -0.28935    0.39653   -0.11344    0.04722    0.08752    0.24162   -0.38999    0.45257   -0.22474   -0.05810   -0.10493    0.24691   -0.23996   -0.30058    0.28454
    0.35040    0.05123   -0.46433   -0.33961   -0.21114   -0.19911   -0.75201   -0.76807   -0.12571   -0.73136   -0.81068    0.00768   -0.10280   -0.28337   -0.30606   -0.75874   -0.01152   -0.36361   -0.52600   -0.01672    0.01384    0.15472    0.03321   -0.20951    0.21271   -0.28638   -0.27142    0.04900   -0.14458    0.36918    0.27083    0.34504    0.26031   -0.32971    0.27746   -0.25778    0.48920    0.34532    0.34530   -0.16590
   -0.37229   -0.09823    0.18246    0.12913   -0.37212    0.31803    0.22348    0.03861   -0.26293   -0.15403    0.28083    0.01346   -0.25766   -0.29263    0.00706    0.51232    0.28421    0.02160    0.56679    0.43259    0.31068    0.42055   -0.02643    0.28082   -0.00190   -0.37829   -0.57349   -0.49592   -0.17630   -0.23371    0.18958   -0.08219   -0.35203   -0.51927    0.29133   -0.52281   -0.29305    0.12529    0.17993   -0.50825
   -0.27980   -0.46341   -0.00157   -0.13781    0.09487    0.48985   -0.39751   -0.44056   -0.19048    0.26428   -0.44184    0.24362    0.51863   -0.21856   -0.35874   -0.03536   -0.31919    0.23054    0.04707   -0.04694    0.21973   -0.16596   -0.17825   -0.44684    0.17770   -0.45391    0.00553   -0.39670   -0.46234    0.14402    0.18570   -0.07317   -0.41818   -0.09759    0.39053    0.26073   -0.17524   -0.27485    0.45566   -0.24377
    0.32047   -0.27481   -0.27395    0.37496    0.21109    0.46525    0.36673   -0.18892   -0.14086    0.20353    0.04665    0.41735    0.58249    0.16872   -0.40166    0.11124    0.31033    0.19134    0.42694    0.11443   -0.16248    0.64277   -0.28114   -0.42756    0.29678    0.36829   -0.32103   -0.41452   -0.33051   -0.01832   -0.30343   -0.16819   -0.44593   -0.40453    0.22697    0.00880    0.25326   -0.34784   -0.32540   -0.40230
   -0.21421    0.05961    0.07706    0.23705    0.20534    0.10545    0.34571   -0.39686    0.33754   -0.50183   -0.04081    0.40044   -0.24605   -0.18604    0.31470    0.16609   -0.30606    0.13517    0.28731   -0.00851   -0.44432   -0.41999    0.00243   -0.20590    0.46310    0.47665   -0.29859    0.44172    0.03465   -0.28918    0.36381    0.47933    0.12717   -0.50639   -0.54535   -0.25605   -0.29006    0.42155   -0.14761    0.23849
   -0.12220   -0.12822   -0.02338    0.03671   -0.42861   -0.25746    0.44805    0.28004   -0.09220    0.13961    0.38965   -0.15056   -0.00113   -0.04873    0.18518   -0.02162   -0.09999   -0.27840    0.36528   -0.28064    0.02103   -0.10442    0.33602    0.53825   -0.05226    0.17965    0.38892    0.10306    0.24497   -0.29909    0.41631   -0.31107    0.27958   -0.00986    0.13544   -0.05865    0.21163   -0.48855   -0.45758   -0.33522
   -0.24208   -0.08794   -0.09695   -0.05788   -0.62851   -0.59597    0.13370   -0.51824   -0.41170   -0.08585   -0.06406   -0.17979    0.28823   -0.11968   -0.35504    0.16790    0.23208   -0.29401    0.50919   -0.08674   -0.34160    0.28150    0.35803    0.22962   -0.02808    0.61397    0.20549    0.46250    0.47832   -0.23680    0.42389   -0.16392   -0.28625    0.49545    0.13574   -0.31545   -0.36479   -0.17139    0.20707    0.00183
   -0.20136    0.20987    0.25561   -0.16714    0.31292    0.43205    0.36399   -0.51392    0.56837    0.50446    0.26257    0.35225    0.45551   -0.00198    0.46663    0.49567   -0.01890    0.43043    0.21560    0.09341    0.11646    0.57685    0.36363    0.20492   -0.06221   -0.49544   -0.35898    0.25512   -0.24389    0.20640   -0.45858    0.21908   -0.35983   -0.23565   -0.21192   -0.18612    0.14917   -0.16343   -0.40796   -0.21108
bs
   -0.57732   -0.72090   -0.52330   -0.66025   -0.27004   -0.16411   -0.09239   -0.24338   -0.21421   -0.08755    0.15428    0.03847   -0.21507   -0.08343   -0.25759   -0.14623   -0.36019   -0.37824   -0.49256   -0.58301   -0.95559   -0.81622   -0.92055   -0.91769   -1.01714   -0.67073   -0.82061   -0.80558   -0.74194   -0.69407   -0.38661   -0.82958   -0.43817   -0.47455   -0.37243   -0.18054   -0.25975   -0.49237   -0.44366   -0.44631
Alpha:        0.1648
Eta:        0.6219
Activation Function: TANGENT
MeanSquaredError:   5.571633E-03
MeanSquaredError - validation:   2.969921E-01
Epoch :       200
NFE:          0
