Objective Function (MPCA): 
  2.576126E-01
Activation Function: 
  2
Hidden Layers: 
  2
Neurons First Layer: 
 16
Neurons Second Layer: 
  8
wh1
    0.27645    0.10323    0.75348    0.80038    0.99316    0.57517    0.45275    0.97849    0.81211    0.67947    0.63535    0.98234    0.72467    0.16265    0.44464    0.08219
    0.28039    0.96701    0.01882    0.80712    0.33266    0.95307    0.59136    0.01375    0.11228    0.31136    0.66798    0.75809    0.51239    0.55723    0.69375    0.88645
    0.11088    0.35623    0.62305    0.24923    0.27470    0.18502    0.48643    0.76548    0.81844    0.44789    0.91163    0.49941    0.61468    0.74570    0.70332    0.50679
    0.92543    0.35355    0.59275    0.69110    0.75489    0.45543    0.24865    0.56621    0.46014    0.09085    0.92234    0.70921    0.34562    0.00025    0.28373    0.58255
    0.99360    0.52432    0.28101    0.78584    0.26786    0.71963    0.04967    0.30738    0.26906    0.55017    0.87397    0.52485    0.97044    0.27014    0.28677    0.47294
    0.80834    0.03822    0.29963    0.71495    0.98981    0.29865    0.85967    0.39160    0.92929    0.56894    0.57088    0.45518    0.00572    0.07694    0.70981    0.98226
    0.02126    0.50709    0.86462    0.58719    0.46223    0.14857    0.19661    0.93609    0.26072    0.44955    0.22311    0.39765    0.96097    0.63303    0.22901    0.29915
bh1
    0.03644    0.25638    0.42314    0.25700    0.65425    0.61633    0.90314    0.82505    0.60200    0.73111    0.99693    0.43277    0.93783    0.93967    0.39960    0.35092
wh2
    0.66642    0.23504    0.19027    0.10084    0.38014    0.98957    0.75942    0.59188
    0.17275    0.06240    0.93324    0.53222    0.39571    0.53038    0.44066    0.02158
    0.40030    0.36545    0.75567    0.77738    0.96092    0.56160    0.92676    0.02071
    0.53761    0.95114    0.64962    0.32761    0.61794    0.09186    0.59983    0.49328
    0.23533    0.05929    0.84858    0.74131    0.68054    0.86421    0.01709    0.46146
    0.25072    0.47350    0.49778    0.36752    0.69596    0.84698    0.17213    0.24279
    0.45209    0.34877    0.50174    0.27058    0.18990    0.13728    0.27033    0.85595
    0.53539    0.94811    0.03264    0.40049    0.71604    0.54868    0.75952    0.02995
    0.71062    0.33946    0.36566    0.03980    0.65092    0.38890    0.95499    0.30001
    0.13478    0.48221    0.62793    0.30654    0.31156    0.16752    0.69017    0.74625
    0.18858    0.03116    0.55273    0.74449    0.06745    0.78364    0.08035    0.43348
    0.77923    0.46389    0.17133    0.15850    0.45432    0.67994    0.98782    0.85601
    0.43282    0.73947    0.39375    0.03124    0.28483    0.72425    0.14475    0.64529
    0.85546    0.75666    0.95460    0.66381    0.75408    0.40296    0.19814    0.49204
    0.22263    0.36261    0.64777    0.49537    0.16328    0.29350    0.61030    0.93068
    0.93016    0.76692    0.14129    0.34257    0.28977    0.51368    0.22106    0.38597
bh2
    0.00609    0.24196    0.78833    0.39451    0.79492    0.27895    0.75848    0.07308
ws
    0.05636    0.19696   -0.08581    0.51781    0.46850    0.63897   -0.01840   -0.37539    0.23088    0.32897    0.61938    0.07988    0.18416    0.14420    0.13487    0.05130   -0.27023    0.32419   -0.35699    0.35768    0.20735    0.51546   -0.36060    0.07429    0.40439   -0.03705    0.20722    0.32749    0.83169    0.43531    0.13986    0.01694    0.80509    0.29991    0.85861    0.61835    0.91574    0.24782    0.61383    0.74192
    0.13495   -0.19264   -0.00056   -0.05923    0.40565    0.34738    0.22348    0.38821   -0.38153   -0.20380    0.11865   -0.40770   -0.31318   -0.11235    0.19277   -0.47993    0.16645   -0.39972    0.18743   -0.62276    0.08672   -0.11769   -0.46309   -0.61374   -0.23730   -0.12611    0.08467    0.30705    0.30898   -0.14793    0.25831    0.50129    0.66167    0.26368    0.40197    0.34445    0.34745    0.12611    0.24152    0.18946
   -0.12249   -0.09052   -0.09828   -0.29861   -0.16058   -0.78984   -0.02387    0.12866    0.00984   -0.43414   -0.06299    0.26439   -0.14449    0.36100   -0.34779   -0.03545    0.18269    0.39724    0.06426    0.14887    0.18057   -0.30019   -0.24962   -0.03962    0.14396   -0.42621    0.13846   -0.22717   -0.46732   -0.39803    0.03392   -0.02542   -0.48262   -0.01060   -0.59276   -0.80129   -0.45396   -0.44561   -0.46927   -0.07796
    0.34805   -0.08001   -0.12222   -0.23724   -0.12160    0.24921    0.21476   -0.04131   -0.03678    0.07402   -0.15368   -0.43578   -0.14279    0.63574   -0.25541   -0.06357   -0.02217   -0.08465    0.25703    0.26133   -0.24301   -0.03322    0.23059    0.06122   -0.02689    0.15658    0.15602    0.26379   -0.57000    0.37352   -0.16363    0.20909    0.28910    0.02488    0.34050   -0.03691   -0.12901    0.28638    0.01525   -0.33685
    0.35438    0.21335    0.19470    0.13995   -0.30746   -0.30087   -0.25704   -0.19692    0.07031   -0.18778   -0.56593    0.19282   -0.16828   -0.64327   -0.06627    0.26057   -0.54494   -0.37937    0.01290   -0.19571   -0.56494   -0.14075    0.01092   -0.08201    0.23125   -0.19055   -0.50095   -0.47464   -0.09467   -0.18820   -0.13661   -0.39736   -0.34870    0.20666   -0.21204    0.18838   -0.04875    0.07485    0.07270   -0.14228
    0.12534   -0.01109    0.04511    0.31971   -0.07647   -0.17315    0.07202    0.09553    0.35616   -0.09741    0.43423    0.28495    0.03601   -0.06716    0.18892    0.37810    0.26578   -0.23976    0.34844    0.14002    0.16986    0.53924    0.17924    0.62584   -0.02393    0.13428    0.30343   -0.15475   -0.20149   -0.39349   -0.28812   -0.14455   -0.41184   -0.43991   -0.33225    0.11346   -0.46602   -0.20393    0.23970   -0.00513
   -0.33090    0.02407    0.14920   -0.15893   -0.35103   -0.17416    0.29377    0.17571   -0.33156    0.50576   -0.47595   -0.16640    0.00752    0.05061   -0.05031    0.07390   -0.18287   -0.19339   -0.39302   -0.09765   -0.15953   -0.65921    0.25570    0.13158   -0.48294    0.32569    0.27224    0.36530    0.30728    0.50277    0.31295   -0.10540   -0.12132    0.38964   -0.28631   -0.24360   -0.01309    0.03886   -0.32691   -0.32779
   -0.16427    0.27840    0.30837    0.17932    0.58962    0.61728   -0.01185    0.31511    0.54852    0.45741    0.36290    0.55729    0.91574    0.24718    0.45976   -0.04753    0.49411    0.75140   -0.02454    0.13545    0.35157    0.22963    0.59496    0.07032    0.41406    0.44866   -0.34172   -0.02532    0.09591    0.24653    0.22412    0.40299    0.11094   -0.05941    0.41777    0.30200    0.29534    0.39158   -0.03192    0.21155
bs
   -0.72774   -0.71710   -0.88124   -0.71173   -0.64963   -0.46662   -0.84910   -0.86846   -0.68503   -0.52083   -0.32296   -0.63583   -0.42867   -0.64439   -0.35758   -0.51110   -0.39330   -0.38818   -0.50964   -0.39472   -0.27659   -0.17804   -0.50116   -0.50808   -0.59984   -0.52417   -0.68267   -0.63649   -0.46237   -0.72307   -0.85600   -0.87644   -0.69849   -1.13640   -0.73427   -0.77803   -0.80528   -1.02888   -0.89972   -0.89942
Alpha:        0.4883
Eta:        0.8121
Activation Function: TANGENT
MeanSquaredError:   4.492503E-03
MeanSquaredError - validation:   2.829246E-01
Epoch :       200
NFE:         60
