    0.30122    0.29643    0.29857    0.29667    0.30075    0.30010    0.29831    0.30178    0.29668    0.29371    0.29913    0.30405    0.29644    0.29838    0.29935    0.30188    0.30365    0.29589    0.30052    0.30660    0.29692    0.29761    0.29707    0.29719    0.30059    0.29538    0.29483    0.29415    0.29417    0.29834    0.29560    0.30068    0.29460    0.29737    0.30029    0.29726    0.29804    0.29736    0.29489    0.29270
    0.30027    0.29343    0.29321    0.29687    0.29268    0.29255    0.29252    0.29193    0.29496    0.29316
    0.33783    0.32868    0.33244    0.32919    0.33662    0.33541    0.33231    0.33827    0.32922    0.32356    0.33363    0.34229    0.32870    0.33220    0.33412    0.33825    0.34106    0.32736    0.33627    0.34612    0.32945    0.33109    0.33001    0.33038    0.33643    0.32678    0.32571    0.32430    0.32440    0.33247    0.32729    0.33658    0.32563    0.33062    0.33587    0.33031    0.33219    0.33045    0.32596    0.32173
    0.33600    0.32328    0.32269    0.32960    0.32176    0.32152    0.32148    0.32017    0.32629    0.32268
    0.38152    0.36754    0.37333    0.36846    0.37967    0.37777    0.37296    0.38219    0.36834    0.35979    0.37511    0.38853    0.36750    0.37300    0.37582    0.38234    0.38687    0.36574    0.37929    0.39482    0.36879    0.37122    0.36951    0.37011    0.37933    0.36452    0.36305    0.36086    0.36097    0.37338    0.36532    0.37964    0.36286    0.37040    0.37853    0.37006    0.37297    0.37021    0.36351    0.35715
    0.37879    0.35941    0.35863    0.36897    0.35710    0.35662    0.35663    0.35467    0.36402    0.35850
    0.39282    0.37226    0.38080    0.37360    0.39009    0.38725    0.38003    0.39384    0.37343    0.36117    0.38335    0.40364    0.37210    0.38026    0.38440    0.39437    0.40130    0.36983    0.38974    0.41363    0.37420    0.37761    0.37501    0.37582    0.38943    0.36769    0.36579    0.36259    0.36269    0.38069    0.36884    0.39008    0.36540    0.37627    0.38842    0.37583    0.38001    0.37617    0.36641    0.35745
    0.38865    0.36057    0.35956    0.37425    0.35724    0.35657    0.35660    0.35392    0.36709    0.35919
    0.38864    0.36798    0.37652    0.36937    0.38586    0.38301    0.37581    0.38958    0.36916    0.35681    0.37909    0.39933    0.36785    0.37600    0.38016    0.39006    0.39695    0.36547    0.38548    0.40919    0.36988    0.37338    0.37078    0.37164    0.38524    0.36345    0.36148    0.35826    0.35839    0.37650    0.36461    0.38586    0.36114    0.37205    0.38419    0.37162    0.37589    0.37189    0.36215    0.35308
    0.38453    0.35627    0.35521    0.37003    0.35292    0.35221    0.35226    0.34951    0.36287    0.35490
    0.38179    0.36087    0.36956    0.36226    0.37896    0.37609    0.36874    0.38264    0.36209    0.34941    0.37215    0.39254    0.36062    0.36903    0.37325    0.38333    0.39020    0.35838    0.37875    0.40245    0.36288    0.36639    0.36363    0.36448    0.37823    0.35604    0.35420    0.35079    0.35090    0.36948    0.35727    0.37899    0.35382    0.36493    0.37734    0.36450    0.36883    0.36488    0.35488    0.34561
    0.37752    0.34885    0.34783    0.36288    0.34532    0.34461    0.34467    0.34185    0.35561    0.34734
    0.36197    0.34061    0.34946    0.34202    0.35909    0.35617    0.34871    0.36288    0.34185    0.32891    0.35212    0.37288    0.34042    0.34893    0.35324    0.36345    0.37042    0.33800    0.35876    0.38285    0.34262    0.34623    0.34349    0.34436    0.35841    0.33580    0.33381    0.33039    0.33052    0.34942    0.33704    0.35910    0.33345    0.34482    0.35741    0.34435    0.34878    0.34470    0.33450    0.32500
    0.35767    0.32835    0.32726    0.34271    0.32478    0.32406    0.32411    0.32121    0.33525    0.32685
    0.34145    0.31944    0.32848    0.32087    0.33842    0.33536    0.32771    0.34237    0.32071    0.30773    0.33122    0.35294    0.31925    0.32792    0.33238    0.34296    0.35030    0.31681    0.33813    0.36361    0.32149    0.32519    0.32237    0.32324    0.33768    0.31455    0.31261    0.30916    0.30927    0.32844    0.31580    0.33844    0.31227    0.32370    0.33668    0.32322    0.32775    0.32360    0.31327    0.30384
    0.33690    0.30715    0.30605    0.32154    0.30360    0.30291    0.30295    0.30009    0.31403    0.30564
    0.32424    0.30128    0.31067    0.30280    0.32103    0.31785    0.30988    0.32509    0.30261    0.28904    0.31353    0.33609    0.30106    0.31010    0.31476    0.32574    0.33333    0.29851    0.32076    0.34712    0.30340    0.30729    0.30433    0.30527    0.32027    0.29617    0.29414    0.29052    0.29065    0.31069    0.29749    0.32107    0.29382    0.30573    0.31924    0.30524    0.31003    0.30561    0.29488    0.28501
    0.31952    0.28849    0.28733    0.30349    0.28476    0.28402    0.28408    0.28107    0.29570    0.28689
    0.30505    0.28299    0.29203    0.28433    0.30200    0.29894    0.29126    0.30594    0.28428    0.27123    0.29478    0.31658    0.28276    0.29144    0.29598    0.30658    0.31386    0.28029    0.30173    0.32724    0.28505    0.28875    0.28589    0.28673    0.30121    0.27802    0.27611    0.27262    0.27273    0.29195    0.27927    0.30202    0.27577    0.28723    0.30028    0.28670    0.29122    0.28718    0.27673    0.26730
    0.30036    0.27063    0.26950    0.28502    0.26702    0.26639    0.26642    0.26355    0.27748    0.26904
    0.28449    0.26318    0.27205    0.26458    0.28165    0.27868    0.27109    0.28554    0.26439    0.25178    0.27465    0.29596    0.26292    0.27150    0.27575    0.28632    0.29366    0.26081    0.28144    0.30679    0.26527    0.26870    0.26593    0.26675    0.28086    0.25829    0.25651    0.25315    0.25323    0.27185    0.25951    0.28166    0.25603    0.26721    0.27995    0.26682    0.27111    0.26722    0.25716    0.24803
    0.28008    0.25116    0.25021    0.26518    0.24770    0.24699    0.24706    0.24436    0.25784    0.24969
    0.26562    0.24695    0.25475    0.24810    0.26311    0.26050    0.25384    0.26647    0.24804    0.23692    0.25701    0.27568    0.24665    0.25422    0.25801    0.26732    0.27365    0.24487    0.26307    0.28515    0.24884    0.25183    0.24929    0.24996    0.26230    0.24249    0.24107    0.23802    0.23807    0.25448    0.24358    0.26314    0.24063    0.25040    0.26167    0.25004    0.25377    0.25053    0.24158    0.23360
    0.26159    0.23635    0.23551    0.24861    0.23322    0.23266    0.23271    0.23033    0.24216    0.23493
    0.25577    0.23717    0.24504    0.23840    0.25335    0.25074    0.24398    0.25675    0.23823    0.22714    0.24724    0.26604    0.23685    0.24452    0.24820    0.25771    0.26425    0.23526    0.25333    0.27585    0.23911    0.24199    0.23947    0.24016    0.25254    0.23268    0.23129    0.22827    0.22830    0.24469    0.23377    0.25337    0.23075    0.24057    0.25188    0.24031    0.24397    0.24072    0.23184    0.22387
    0.25187    0.22655    0.22581    0.23886    0.22345    0.22282    0.22290    0.22057    0.23239    0.22519
    0.24956    0.23058    0.23836    0.23174    0.24696    0.24433    0.23771    0.25040    0.23167    0.22049    0.24073    0.25957    0.23041    0.23786    0.24174    0.25090    0.25724    0.22828    0.24667    0.26883    0.23234    0.23551    0.23309    0.23382    0.24632    0.22636    0.22468    0.22172    0.22182    0.23829    0.22743    0.24696    0.22438    0.23424    0.24545    0.23380    0.23767    0.23417    0.22522    0.21712
    0.24557    0.21997    0.21901    0.23235    0.21692    0.21636    0.21638    0.21394    0.22586    0.21866
    0.24090    0.22425    0.23112    0.22533    0.23865    0.23633    0.23049    0.24169    0.22520    0.21540    0.23318    0.24975    0.22411    0.23068    0.23404    0.24215    0.24782    0.22230    0.23840    0.25802    0.22581    0.22857    0.22645    0.22710    0.23809    0.22056    0.21908    0.21650    0.21658    0.23104    0.22149    0.23865    0.21878    0.22745    0.23730    0.22711    0.23050    0.22739    0.21958    0.21246
    0.23748    0.21494    0.21413    0.22584    0.21228    0.21175    0.21178    0.20966    0.22012    0.21382
    0.21735    0.20864    0.21225    0.20923    0.21621    0.21502    0.21200    0.21780    0.20913    0.20389    0.21335    0.22182    0.20863    0.21203    0.21378    0.21792    0.22082    0.20755    0.21596    0.22588    0.20942    0.21091    0.20986    0.21023    0.21599    0.20681    0.20589    0.20457    0.20463    0.21226    0.20728    0.21618    0.20574    0.21041    0.21548    0.21021    0.21200    0.21029    0.20616    0.20228
    0.21567    0.20365    0.20318    0.20954    0.20226    0.20195    0.20196    0.20079    0.20646    0.20311
    0.20979    0.20223    0.20539    0.20266    0.20884    0.20781    0.20517    0.21027    0.20266    0.19807    0.20634    0.21376    0.20222    0.20517    0.20672    0.21035    0.21286    0.20125    0.20858    0.21731    0.20291    0.20418    0.20328    0.20355    0.20863    0.20061    0.19980    0.19866    0.19872    0.20532    0.20101    0.20879    0.19965    0.20376    0.20819    0.20354    0.20503    0.20368    0.19999    0.19660
    0.20826    0.19780    0.19738    0.20296    0.19659    0.19637    0.19635    0.19534    0.20022    0.19732
    0.20365    0.19792    0.20034    0.19834    0.20287    0.20208    0.20005    0.20383    0.19827    0.19471    0.20103    0.20653    0.19781    0.20020    0.20134    0.20412    0.20597    0.19730    0.20290    0.20921    0.19853    0.19947    0.19866    0.19889    0.20263    0.19649    0.19606    0.19505    0.19506    0.20030    0.19685    0.20290    0.19593    0.19901    0.20245    0.19892    0.20013    0.19904    0.19627    0.19366
    0.20248    0.19456    0.19430    0.19847    0.19352    0.19330    0.19333    0.19253    0.19648    0.19409
    0.19445    0.19060    0.19222    0.19091    0.19393    0.19341    0.19205    0.19457    0.19083    0.18841    0.19269    0.19631    0.19055    0.19213    0.19288    0.19471    0.19594    0.19015    0.19391    0.19803    0.19098    0.19164    0.19112    0.19131    0.19381    0.18969    0.18934    0.18868    0.18870    0.19224    0.18994    0.19394    0.18927    0.19137    0.19364    0.19132    0.19216    0.19134    0.18951    0.18770
    0.19374    0.18833    0.18815    0.19101    0.18765    0.18747    0.18750    0.18694    0.18967    0.18805
    0.19674    0.19311    0.19470    0.19332    0.19629    0.19580    0.19445    0.19693    0.19333    0.19101    0.19511    0.19869    0.19301    0.19457    0.19531    0.19719    0.19838    0.19272    0.19633    0.20049    0.19352    0.19407    0.19354    0.19365    0.19609    0.19212    0.19188    0.19122    0.19122    0.19457    0.19235    0.19629    0.19173    0.19376    0.19603    0.19370    0.19439    0.19384    0.19197    0.19029
    0.19594    0.19086    0.19071    0.19341    0.19017    0.19006    0.19007    0.18958    0.19206    0.19053
    0.20384    0.19797    0.20052    0.19836    0.20317    0.20237    0.20023    0.20428    0.19830    0.19460    0.20123    0.20698    0.19793    0.20036    0.20151    0.20445    0.20647    0.19731    0.20301    0.20984    0.19857    0.19949    0.19876    0.19899    0.20298    0.19662    0.19601    0.19508    0.19511    0.20040    0.19695    0.20313    0.19581    0.19914    0.20266    0.19903    0.20016    0.19912    0.19619    0.19343
    0.20273    0.19437    0.19410    0.19856    0.19337    0.19314    0.19315    0.19235    0.19636    0.19399
    0.21654    0.20961    0.21255    0.21011    0.21565    0.21470    0.21221    0.21689    0.21001    0.20576    0.21339    0.22016    0.20953    0.21237    0.21373    0.21716    0.21951    0.20884    0.21558    0.22354    0.21031    0.21143    0.21052    0.21081    0.21540    0.20799    0.20737    0.20624    0.20627    0.21248    0.20839    0.21565    0.20719    0.21095    0.21509    0.21084    0.21226    0.21094    0.20761    0.20448
    0.21519    0.20556    0.20524    0.21030    0.20437    0.20410    0.20414    0.20320    0.20784    0.20506
    0.22563    0.21888    0.22176    0.21928    0.22480    0.22388    0.22147    0.22604    0.21927    0.21507    0.22259    0.22918    0.21882    0.22157    0.22293    0.22624    0.22847    0.21808    0.22466    0.23238    0.21956    0.22065    0.21978    0.22002    0.22456    0.21730    0.21666    0.21556    0.21560    0.22165    0.21769    0.22477    0.21648    0.22021    0.22425    0.22005    0.22137    0.22020    0.21684    0.21374
    0.22425    0.21482    0.21448    0.21952    0.21365    0.21344    0.21344    0.21252    0.21704    0.21433
    0.25528    0.24766    0.25081    0.24816    0.25426    0.25324    0.25063    0.25559    0.24811    0.24337    0.25178    0.25897    0.24763    0.25063    0.25218    0.25567    0.25805    0.24664    0.25405    0.26224    0.24833    0.24968    0.24874    0.24908    0.25408    0.24601    0.24518    0.24396    0.24403    0.25086    0.24645    0.25425    0.24510    0.24924    0.25365    0.24904    0.25066    0.24913    0.24544    0.24191
    0.25380    0.24318    0.24274    0.24845    0.24189    0.24162    0.24163    0.24052    0.24574    0.24267
    0.28498    0.27822    0.28088    0.27865    0.28394    0.28305    0.28089    0.28500    0.27865    0.27444    0.28180    0.28786    0.27820    0.28075    0.28219    0.28498    0.28680    0.27716    0.28380    0.29027    0.27875    0.28008    0.27923    0.27956    0.28382    0.27679    0.27605    0.27491    0.27501    0.28110    0.27721    0.28397    0.27613    0.27969    0.28347    0.27944    0.28102    0.27953    0.27631    0.27315
    0.28362    0.27435    0.27387    0.27893    0.27316    0.27296    0.27296    0.27190    0.27665    0.27385
    0.31255    0.30560    0.30866    0.30596    0.31170    0.31073    0.30809    0.31294    0.30603    0.30166    0.30944    0.31649    0.30536    0.30840    0.30983    0.31356    0.31593    0.30494    0.31186    0.32020    0.30645    0.30743    0.30635    0.30652    0.31123    0.30361    0.30327    0.30199    0.30196    0.30832    0.30404    0.31171    0.30294    0.30675    0.31120    0.30665    0.30792    0.30699    0.30340    0.30033
    0.31091    0.30134    0.30110    0.30609    0.30001    0.29984    0.29986    0.29898    0.30354    0.30066
    0.33564    0.32700    0.33066    0.32745    0.33455    0.33337    0.33028    0.33614    0.32751    0.32217    0.33171    0.34025    0.32689    0.33038    0.33219    0.33646    0.33929    0.32593    0.33442    0.34441    0.32786    0.32925    0.32811    0.32838    0.33419    0.32493    0.32416    0.32275    0.32279    0.33047    0.32542    0.33452    0.32393    0.32865    0.33387    0.32842    0.33008    0.32869    0.32435    0.32047
    0.33376    0.32184    0.32139    0.32774    0.32034    0.32013    0.32011    0.31896    0.32458    0.32116
    0.35739    0.34685    0.35130    0.34748    0.35602    0.35459    0.35085    0.35790    0.34748    0.34094    0.35259    0.36285    0.34671    0.35100    0.35316    0.35828    0.36170    0.34558    0.35591    0.36779    0.34790    0.34964    0.34823    0.34861    0.35562    0.34432    0.34340    0.34164    0.34169    0.35116    0.34495    0.35602    0.34315    0.34889    0.35521    0.34864    0.35076    0.34891    0.34369    0.33892
    0.35518    0.34059    0.34006    0.34781    0.33874    0.33842    0.33843    0.33698    0.34403    0.33977
    0.36960    0.35838    0.36318    0.35925    0.36814    0.36660    0.36255    0.37009    0.35904    0.35207    0.36451    0.37540    0.35820    0.36289    0.36507    0.37065    0.37442    0.35720    0.36814    0.38085    0.35956    0.36137    0.35983    0.36031    0.36770    0.35564    0.35473    0.35282    0.35285    0.36306    0.35633    0.36817    0.35442    0.36052    0.36728    0.36039    0.36271    0.36055    0.35515    0.35003
    0.36742    0.35177    0.35130    0.35951    0.34979    0.34931    0.34939    0.34785    0.35553    0.35093
    0.38652    0.37527    0.38007    0.37596    0.38509    0.38356    0.37953    0.38710    0.37594    0.36891    0.38144    0.39240    0.37510    0.37974    0.38203    0.38757    0.39125    0.37396    0.38500    0.39774    0.37643    0.37825    0.37672    0.37712    0.38463    0.37251    0.37156    0.36965    0.36969    0.37987    0.37318    0.38509    0.37125    0.37742    0.38422    0.37718    0.37942    0.37748    0.37187    0.36673
    0.38416    0.36851    0.36797    0.37629    0.36650    0.36615    0.36617    0.36462    0.37221    0.36762
    0.39511    0.38387    0.38862    0.38449    0.39357    0.39203    0.38803    0.39542    0.38459    0.37749    0.38997    0.40081    0.38357    0.38828    0.39064    0.39612    0.39957    0.38254    0.39373    0.40598    0.38509    0.38692    0.38523    0.38560    0.39296    0.38085    0.38013    0.37805    0.37807    0.38840    0.38158    0.39362    0.37986    0.38592    0.39281    0.38565    0.38794    0.38612    0.38042    0.37532
    0.39252    0.37712    0.37657    0.38477    0.37495    0.37467    0.37469    0.37311    0.38079    0.37603
    0.41987    0.40565    0.41143    0.40666    0.41781    0.41586    0.41107    0.42016    0.40651    0.39785    0.41325    0.42663    0.40552    0.41112    0.41402    0.42047    0.42483    0.40381    0.41769    0.43273    0.40694    0.40950    0.40763    0.40827    0.41738    0.40244    0.40114    0.39877    0.39887    0.41163    0.40331    0.41787    0.40106    0.40850    0.41676    0.40818    0.41132    0.40837    0.40167    0.39527
    0.41702    0.39758    0.39678    0.40709    0.39512    0.39462    0.39468    0.39263    0.40227    0.39652
    0.43581    0.41928    0.42618    0.42044    0.43366    0.43141    0.42565    0.43666    0.42021    0.41011    0.42825    0.44420    0.41923    0.42578    0.42907    0.43691    0.44238    0.41724    0.43323    0.45182    0.42079    0.42362    0.42160    0.42232    0.43325    0.41571    0.41398    0.41140    0.41152    0.42620    0.41664    0.43363    0.41370    0.42264    0.43229    0.42230    0.42573    0.42243    0.41455    0.40702
    0.43268    0.40967    0.40880    0.42101    0.40695    0.40633    0.40636    0.40407    0.41515    0.40863
    0.44998    0.43138    0.43906    0.43248    0.44744    0.44490    0.43844    0.45069    0.43250    0.42116    0.44139    0.45941    0.43117    0.43856    0.44242    0.45124    0.45713    0.42901    0.44721    0.46792    0.43314    0.43630    0.43385    0.43455    0.44677    0.42708    0.42541    0.42237    0.42248    0.43897    0.42817    0.44745    0.42512    0.43501    0.44602    0.43452    0.43835    0.43498    0.42594    0.41768
    0.44603    0.42063    0.41962    0.43309    0.41744    0.41692    0.41692    0.41439    0.42658    0.41921
    0.45718    0.43783    0.44604    0.43898    0.45478    0.45214    0.44521    0.45839    0.43894    0.42709    0.44840    0.46756    0.43767    0.44546    0.44940    0.45898    0.46552    0.43552    0.45438    0.47702    0.43973    0.44285    0.44038    0.44106    0.45409    0.43339    0.43155    0.42849    0.42859    0.44570    0.43447    0.45470    0.43103    0.44160    0.45318    0.44115    0.44490    0.44158    0.43204    0.42337
    0.45321    0.42639    0.42543    0.43964    0.42315    0.42257    0.42256    0.42000    0.43260    0.42503
    0.47278    0.45212    0.46084    0.45358    0.47007    0.46724    0.45989    0.47370    0.45333    0.44059    0.46335    0.48340    0.45185    0.46032    0.46441    0.47449    0.48132    0.44977    0.46990    0.49322    0.45419    0.45759    0.45485    0.45570    0.46933    0.44724    0.44544    0.44200    0.44209    0.46069    0.44848    0.47009    0.44496    0.45613    0.46846    0.45578    0.46005    0.45612    0.44615    0.43679
    0.46868    0.44003    0.43907    0.45416    0.43645    0.43567    0.43576    0.43293    0.44687    0.43852
    0.47810    0.46075    0.46793    0.46210    0.47568    0.47331    0.46733    0.47860    0.46177    0.45113    0.47009    0.48652    0.46059    0.46756    0.47099    0.47908    0.48462    0.45866    0.47552    0.49425    0.46238    0.46541    0.46315    0.46396    0.47518    0.45682    0.45521    0.45233    0.45244    0.46808    0.45787    0.47575    0.45499    0.46422    0.47435    0.46393    0.46772    0.46407    0.45591    0.44800
    0.47480    0.45079    0.44990    0.46259    0.44781    0.44710    0.44719    0.44472    0.45661    0.44957
    0.48980    0.47264    0.47970    0.47374    0.48745    0.48512    0.47922    0.49042    0.47366    0.46314    0.48187    0.49827    0.47251    0.47926    0.48280    0.49078    0.49616    0.47038    0.48715    0.50585    0.47419    0.47720    0.47500    0.47571    0.48693    0.46881    0.46712    0.46434    0.46448    0.47975    0.46981    0.48745    0.46692    0.47609    0.48612    0.47565    0.47927    0.47594    0.46767    0.45991
    0.48633    0.46271    0.46174    0.47433    0.45979    0.45925    0.45926    0.45685    0.46831    0.46147
    0.49488    0.47862    0.48533    0.47971    0.49258    0.49035    0.48473    0.49530    0.47962    0.46968    0.48735    0.50290    0.47839    0.48492    0.48825    0.49589    0.50099    0.47662    0.49255    0.51025    0.48020    0.48300    0.48078    0.48145    0.49196    0.47476    0.47343    0.47065    0.47074    0.48535    0.47577    0.49265    0.47322    0.48177    0.49139    0.48142    0.48490    0.48177    0.47397    0.46672
    0.49148    0.46930    0.46845    0.48017    0.46644    0.46591    0.46596    0.46368    0.47460    0.46801
    0.50181    0.48887    0.49429    0.48988    0.50009    0.49833    0.49380    0.50234    0.48962    0.48165    0.49588    0.50825    0.48878    0.49399    0.49653    0.50269    0.50694    0.48734    0.49989    0.51419    0.49010    0.49231    0.49066    0.49125    0.49972    0.48598    0.48471    0.48262    0.48270    0.49433    0.48674    0.50010    0.48448    0.49147    0.49905    0.49126    0.49401    0.49134    0.48522    0.47928
    0.49941    0.48135    0.48071    0.49026    0.47917    0.47862    0.47869    0.47687    0.48570    0.48049
